[command]/home/runner/work/_temp/7bdb9e39-dd42-47f1-ae1e-41f055eb5b51/terraform-bin apply -input=false tfplan
[0m[1maws_eip.scblf_eipnat_1a: Creating...[0m[0m
[0m[1maws_eip.scblf_eipnat_1c: Creating...[0m[0m
[0m[1maws_vpc.vpc: Creating...[0m[0m
[0m[1maws_eip.scblf_eipnat_1b: Creating...[0m[0m
[0m[1maws_eip.scblf_eipnat_1b: Creation complete after 1s [id=eipalloc-0cd28683f0087a2ca][0m
[0m[1maws_eip.scblf_eipnat_1c: Creation complete after 1s [id=eipalloc-02a950be5d7fdf950][0m
[0m[1maws_eip.scblf_eipnat_1a: Creation complete after 1s [id=eipalloc-00abde7ff1d98cfe6][0m
[0m[1maws_vpc.vpc: Still creating... [10s elapsed][0m[0m
[0m[1maws_vpc.vpc: Creation complete after 14s [id=vpc-00d6305b65ea116f9][0m
[0m[1maws_internet_gateway.igw: Creating...[0m[0m
[0m[1maws_subnet.subnet_public_1a: Creating...[0m[0m
[0m[1maws_subnet.subnet_public_1c: Creating...[0m[0m
[0m[1maws_subnet.subnet_private_1a: Creating...[0m[0m
[0m[1maws_subnet.subnet_public_1b: Creating...[0m[0m
[0m[1maws_route53_zone.route53: Creating...[0m[0m
[0m[1maws_subnet.subnet_private_1c: Creating...[0m[0m
[0m[1maws_subnet.subnet_private_1b: Creating...[0m[0m
[0m[1maws_subnet.subnet_public_1b: Creation complete after 1s [id=subnet-09098c840e72744eb][0m
[0m[1maws_nat_gateway.aws_nat_gateway1b: Creating...[0m[0m
[0m[1maws_subnet.subnet_public_1a: Creation complete after 1s [id=subnet-064be45508d7406bf][0m
[0m[1maws_nat_gateway.aws_nat_gateway1a: Creating...[0m[0m
[0m[1maws_subnet.subnet_private_1a: Creation complete after 1s [id=subnet-0600842a7795c5569][0m
[0m[1maws_subnet.subnet_private_1b: Creation complete after 1s [id=subnet-0b1ac903db97cb5d0][0m
[0m[1maws_internet_gateway.igw: Creation complete after 1s [id=igw-0289066dec9ae1644][0m
[0m[1maws_route_table.rtb_public: Creating...[0m[0m
[0m[1maws_subnet.subnet_private_1c: Creation complete after 1s [id=subnet-0869263d90d33ed93][0m
[0m[1maws_elasticache_subnet_group.elscache_redis_subnet: Creating...[0m[0m
[0m[1maws_db_subnet_group.rds_subnet_group: Creating...[0m[0m
[0m[1maws_subnet.subnet_public_1c: Creation complete after 1s [id=subnet-069d9235c73d9f1c2][0m
[0m[1maws_nat_gateway.aws_nat_gateway1c: Creating...[0m[0m
[0m[1maws_route_table.rtb_public: Creation complete after 1s [id=rtb-055079b0c39dd30d3][0m
[0m[1maws_route_table_association.rtbass_public1b: Creating...[0m[0m
[0m[1maws_route_table_association.rtbass_publica1a: Creating...[0m[0m
[0m[1maws_route_table_association.rtbass_public1c: Creating...[0m[0m
[0m[1maws_elasticache_subnet_group.elscache_redis_subnet: Creation complete after 2s [id=template-vpc-elscache-subnet-group][0m
[0m[1maws_db_subnet_group.rds_subnet_group: Creation complete after 2s [id=template-vpc-rds-subnet-group][0m
[0m[1maws_route_table_association.rtbass_publica1a: Creation complete after 1s [id=rtbassoc-0017dfa215d94a2db][0m
[0m[1maws_route_table_association.rtbass_public1c: Creation complete after 1s [id=rtbassoc-023685d355bf1c6c5][0m
[0m[1maws_route_table_association.rtbass_public1b: Creation complete after 1s [id=rtbassoc-04d6a42334ff24d29][0m
[0m[1maws_route53_zone.route53: Still creating... [10s elapsed][0m[0m
[0m[1maws_nat_gateway.aws_nat_gateway1b: Still creating... [10s elapsed][0m[0m
[0m[1maws_nat_gateway.aws_nat_gateway1a: Still creating... [10s elapsed][0m[0m
[0m[1maws_nat_gateway.aws_nat_gateway1c: Still creating... [10s elapsed][0m[0m
[0m[1maws_route53_zone.route53: Still creating... [20s elapsed][0m[0m
[0m[1maws_nat_gateway.aws_nat_gateway1b: Still creating... [20s elapsed][0m[0m
[0m[1maws_nat_gateway.aws_nat_gateway1a: Still creating... [20s elapsed][0m[0m
[0m[1maws_nat_gateway.aws_nat_gateway1c: Still creating... [20s elapsed][0m[0m
[0m[1maws_route53_zone.route53: Still creating... [30s elapsed][0m[0m
[0m[1maws_nat_gateway.aws_nat_gateway1b: Still creating... [30s elapsed][0m[0m
[0m[1maws_nat_gateway.aws_nat_gateway1a: Still creating... [30s elapsed][0m[0m
[0m[1maws_nat_gateway.aws_nat_gateway1c: Still creating... [30s elapsed][0m[0m
[0m[1maws_route53_zone.route53: Still creating... [40s elapsed][0m[0m
[0m[1maws_nat_gateway.aws_nat_gateway1b: Still creating... [40s elapsed][0m[0m
[0m[1maws_nat_gateway.aws_nat_gateway1a: Still creating... [40s elapsed][0m[0m
[0m[1maws_nat_gateway.aws_nat_gateway1c: Still creating... [40s elapsed][0m[0m
[0m[1maws_route53_zone.route53: Still creating... [50s elapsed][0m[0m
[0m[1maws_nat_gateway.aws_nat_gateway1b: Still creating... [50s elapsed][0m[0m
[0m[1maws_nat_gateway.aws_nat_gateway1a: Still creating... [50s elapsed][0m[0m
[0m[1maws_nat_gateway.aws_nat_gateway1c: Still creating... [50s elapsed][0m[0m
[0m[1maws_route53_zone.route53: Still creating... [1m0s elapsed][0m[0m
[0m[1maws_nat_gateway.aws_nat_gateway1b: Still creating... [1m0s elapsed][0m[0m
[0m[1maws_nat_gateway.aws_nat_gateway1a: Still creating... [1m0s elapsed][0m[0m
[0m[1maws_nat_gateway.aws_nat_gateway1c: Still creating... [1m0s elapsed][0m[0m
[0m[1maws_route53_zone.route53: Still creating... [1m10s elapsed][0m[0m
[0m[1maws_nat_gateway.aws_nat_gateway1b: Still creating... [1m10s elapsed][0m[0m
[0m[1maws_nat_gateway.aws_nat_gateway1a: Still creating... [1m10s elapsed][0m[0m
[0m[1maws_nat_gateway.aws_nat_gateway1c: Still creating... [1m10s elapsed][0m[0m
[0m[1maws_route53_zone.route53: Still creating... [1m20s elapsed][0m[0m
[0m[1maws_route53_zone.route53: Creation complete after 1m20s [id=Z04581401M8WEJOCK82XY][0m
[0m[1maws_nat_gateway.aws_nat_gateway1b: Still creating... [1m20s elapsed][0m[0m
[0m[1maws_nat_gateway.aws_nat_gateway1a: Still creating... [1m20s elapsed][0m[0m
[0m[1maws_nat_gateway.aws_nat_gateway1c: Still creating... [1m20s elapsed][0m[0m
[0m[1maws_nat_gateway.aws_nat_gateway1b: Still creating... [1m30s elapsed][0m[0m
[0m[1maws_nat_gateway.aws_nat_gateway1a: Still creating... [1m30s elapsed][0m[0m
[0m[1maws_nat_gateway.aws_nat_gateway1c: Still creating... [1m30s elapsed][0m[0m
[0m[1maws_nat_gateway.aws_nat_gateway1a: Creation complete after 1m37s [id=nat-0d13e5b8e4add40a4][0m
[0m[1maws_route_table.rtb_private1a: Creating...[0m[0m
[0m[1maws_route_table.rtb_private1a: Creation complete after 1s [id=rtb-0b8fd204af2c49d34][0m
[0m[1maws_route_table_association.rtbass_private1a: Creating...[0m[0m
[0m[1maws_route_table_association.rtbass_private1a: Creation complete after 1s [id=rtbassoc-0815ae3af648705b2][0m
[0m[1maws_nat_gateway.aws_nat_gateway1b: Still creating... [1m40s elapsed][0m[0m
[0m[1maws_nat_gateway.aws_nat_gateway1c: Still creating... [1m40s elapsed][0m[0m
[0m[1maws_nat_gateway.aws_nat_gateway1b: Creation complete after 1m47s [id=nat-0ea0c8be9eec5c06e][0m
[0m[1maws_route_table.rtb_private1b: Creating...[0m[0m
[0m[1maws_route_table.rtb_private1b: Creation complete after 1s [id=rtb-032745b597f72bb2b][0m
[0m[1maws_route_table_association.rtbass_private1b: Creating...[0m[0m
[0m[1maws_route_table_association.rtbass_private1b: Creation complete after 1s [id=rtbassoc-0ffd397e86bdae63e][0m
[0m[1maws_nat_gateway.aws_nat_gateway1c: Still creating... [1m50s elapsed][0m[0m
[0m[1maws_nat_gateway.aws_nat_gateway1c: Creation complete after 1m57s [id=nat-07be4231538fec0f9][0m
[0m[1maws_route_table.rtb_private1c: Creating...[0m[0m
[0m[1maws_route_table.rtb_private1c: Creation complete after 2s [id=rtb-0795b7676ebeae2b3][0m
[0m[1maws_route_table_association.rtbass_private1c: Creating...[0m[0m
[0m[1maws_route_table_association.rtbass_private1c: Creation complete after 1s [id=rtbassoc-0a095bff34fb424f8][0m
[0m[1m[32m
Apply complete! Resources: 27 added, 0 changed, 0 destroyed.
[0m[0m[1m[32m
Outputs:

[0mcache_subnet_name = "template-vpc-elscache-subnet-group"
rds_subnet_name = "template-vpc-rds-subnet-group"
route53_zoneid = "Z04581401M8WEJOCK82XY"
subnet_private_1a = "subnet-0600842a7795c5569"
subnet_private_1b = "subnet-0b1ac903db97cb5d0"
subnet_private_1c = "subnet-0869263d90d33ed93"
subnet_public_1a = "subnet-064be45508d7406bf"
subnet_public_1b = "subnet-09098c840e72744eb"
subnet_public_1c = "subnet-069d9235c73d9f1c2"
vpc_id = "vpc-00d6305b65ea116f9"
::debug::Terraform exited with code 0.
::debug::stdout: [0m[1maws_eip.scblf_eipnat_1a: Creating...[0m[0m%0A[0m[1maws_eip.scblf_eipnat_1c: Creating...[0m[0m%0A[0m[1maws_vpc.vpc: Creating...[0m[0m%0A[0m[1maws_eip.scblf_eipnat_1b: Creating...[0m[0m%0A[0m[1maws_eip.scblf_eipnat_1b: Creation complete after 1s [id=eipalloc-0cd28683f0087a2ca][0m%0A[0m[1maws_eip.scblf_eipnat_1c: Creation complete after 1s [id=eipalloc-02a950be5d7fdf950][0m%0A[0m[1maws_eip.scblf_eipnat_1a: Creation complete after 1s [id=eipalloc-00abde7ff1d98cfe6][0m%0A[0m[1maws_vpc.vpc: Still creating... [10s elapsed][0m[0m%0A[0m[1maws_vpc.vpc: Creation complete after 14s [id=vpc-00d6305b65ea116f9][0m%0A[0m[1maws_internet_gateway.igw: Creating...[0m[0m%0A[0m[1maws_subnet.subnet_public_1a: Creating...[0m[0m%0A[0m[1maws_subnet.subnet_public_1c: Creating...[0m[0m%0A[0m[1maws_subnet.subnet_private_1a: Creating...[0m[0m%0A[0m[1maws_subnet.subnet_public_1b: Creating...[0m[0m%0A[0m[1maws_route53_zone.route53: Creating...[0m[0m%0A[0m[1maws_subnet.subnet_private_1c: Creating...[0m[0m%0A[0m[1maws_subnet.subnet_private_1b: Creating...[0m[0m%0A[0m[1maws_subnet.subnet_public_1b: Creation complete after 1s [id=subnet-09098c840e72744eb][0m%0A[0m[1maws_nat_gateway.aws_nat_gateway1b: Creating...[0m[0m%0A[0m[1maws_subnet.subnet_public_1a: Creation complete after 1s [id=subnet-064be45508d7406bf][0m%0A[0m[1maws_nat_gateway.aws_nat_gateway1a: Creating...[0m[0m%0A[0m[1maws_subnet.subnet_private_1a: Creation complete after 1s [id=subnet-0600842a7795c5569][0m%0A[0m[1maws_subnet.subnet_private_1b: Creation complete after 1s [id=subnet-0b1ac903db97cb5d0][0m%0A[0m[1maws_internet_gateway.igw: Creation complete after 1s [id=igw-0289066dec9ae1644][0m%0A[0m[1maws_route_table.rtb_public: Creating...[0m[0m%0A[0m[1maws_subnet.subnet_private_1c: Creation complete after 1s [id=subnet-0869263d90d33ed93][0m%0A[0m[1maws_elasticache_subnet_group.elscache_redis_subnet: Creating...[0m[0m%0A[0m[1maws_db_subnet_group.rds_subnet_group: Creating...[0m[0m%0A[0m[1maws_subnet.subnet_public_1c: Creation complete after 1s [id=subnet-069d9235c73d9f1c2][0m%0A[0m[1maws_nat_gateway.aws_nat_gateway1c: Creating...[0m[0m%0A[0m[1maws_route_table.rtb_public: Creation complete after 1s [id=rtb-055079b0c39dd30d3][0m%0A[0m[1maws_route_table_association.rtbass_public1b: Creating...[0m[0m%0A[0m[1maws_route_table_association.rtbass_publica1a: Creating...[0m[0m%0A[0m[1maws_route_table_association.rtbass_public1c: Creating...[0m[0m%0A[0m[1maws_elasticache_subnet_group.elscache_redis_subnet: Creation complete after 2s [id=template-vpc-elscache-subnet-group][0m%0A[0m[1maws_db_subnet_group.rds_subnet_group: Creation complete after 2s [id=template-vpc-rds-subnet-group][0m%0A[0m[1maws_route_table_association.rtbass_publica1a: Creation complete after 1s [id=rtbassoc-0017dfa215d94a2db][0m%0A[0m[1maws_route_table_association.rtbass_public1c: Creation complete after 1s [id=rtbassoc-023685d355bf1c6c5][0m%0A[0m[1maws_route_table_association.rtbass_public1b: Creation complete after 1s [id=rtbassoc-04d6a42334ff24d29][0m%0A[0m[1maws_route53_zone.route53: Still creating... [10s elapsed][0m[0m%0A[0m[1maws_nat_gateway.aws_nat_gateway1b: Still creating... [10s elapsed][0m[0m%0A[0m[1maws_nat_gateway.aws_nat_gateway1a: Still creating... [10s elapsed][0m[0m%0A[0m[1maws_nat_gateway.aws_nat_gateway1c: Still creating... [10s elapsed][0m[0m%0A[0m[1maws_route53_zone.route53: Still creating... [20s elapsed][0m[0m%0A[0m[1maws_nat_gateway.aws_nat_gateway1b: Still creating... [20s elapsed][0m[0m%0A[0m[1maws_nat_gateway.aws_nat_gateway1a: Still creating... [20s elapsed][0m[0m%0A[0m[1maws_nat_gateway.aws_nat_gateway1c: Still creating... [20s elapsed][0m[0m%0A[0m[1maws_route53_zone.route53: Still creating... [30s elapsed][0m[0m%0A[0m[1maws_nat_gateway.aws_nat_gateway1b: Still creating... [30s elapsed][0m[0m%0A[0m[1maws_nat_gateway.aws_nat_gateway1a: Still creating... [30s elapsed][0m[0m%0A[0m[1maws_nat_gateway.aws_nat_gateway1c: Still creating... [30s elapsed][0m[0m%0A[0m[1maws_route53_zone.route53: Still creating... [40s elapsed][0m[0m%0A[0m[1maws_nat_gateway.aws_nat_gateway1b: Still creating... [40s elapsed][0m[0m%0A[0m[1maws_nat_gateway.aws_nat_gateway1a: Still creating... [40s elapsed][0m[0m%0A[0m[1maws_nat_gateway.aws_nat_gateway1c: Still creating... [40s elapsed][0m[0m%0A[0m[1maws_route53_zone.route53: Still creating... [50s elapsed][0m[0m%0A[0m[1maws_nat_gateway.aws_nat_gateway1b: Still creating... [50s elapsed][0m[0m%0A[0m[1maws_nat_gateway.aws_nat_gateway1a: Still creating... [50s elapsed][0m[0m%0A[0m[1maws_nat_gateway.aws_nat_gateway1c: Still creating... [50s elapsed][0m[0m%0A[0m[1maws_route53_zone.route53: Still creating... [1m0s elapsed][0m[0m%0A[0m[1maws_nat_gateway.aws_nat_gateway1b: Still creating... [1m0s elapsed][0m[0m%0A[0m[1maws_nat_gateway.aws_nat_gateway1a: Still creating... [1m0s elapsed][0m[0m%0A[0m[1maws_nat_gateway.aws_nat_gateway1c: Still creating... [1m0s elapsed][0m[0m%0A[0m[1maws_route53_zone.route53: Still creating... [1m10s elapsed][0m[0m%0A[0m[1maws_nat_gateway.aws_nat_gateway1b: Still creating... [1m10s elapsed][0m[0m%0A[0m[1maws_nat_gateway.aws_nat_gateway1a: Still creating... [1m10s elapsed][0m[0m%0A[0m[1maws_nat_gateway.aws_nat_gateway1c: Still creating... [1m10s elapsed][0m[0m%0A[0m[1maws_route53_zone.route53: Still creating... [1m20s elapsed][0m[0m%0A[0m[1maws_route53_zone.route53: Creation complete after 1m20s [id=Z04581401M8WEJOCK82XY][0m%0A[0m[1maws_nat_gateway.aws_nat_gateway1b: Still creating... [1m20s elapsed][0m[0m%0A[0m[1maws_nat_gateway.aws_nat_gateway1a: Still creating... [1m20s elapsed][0m[0m%0A[0m[1maws_nat_gateway.aws_nat_gateway1c: Still creating... [1m20s elapsed][0m[0m%0A[0m[1maws_nat_gateway.aws_nat_gateway1b: Still creating... [1m30s elapsed][0m[0m%0A[0m[1maws_nat_gateway.aws_nat_gateway1a: Still creating... [1m30s elapsed][0m[0m%0A[0m[1maws_nat_gateway.aws_nat_gateway1c: Still creating... [1m30s elapsed][0m[0m%0A[0m[1maws_nat_gateway.aws_nat_gateway1a: Creation complete after 1m37s [id=nat-0d13e5b8e4add40a4][0m%0A[0m[1maws_route_table.rtb_private1a: Creating...[0m[0m%0A[0m[1maws_route_table.rtb_private1a: Creation complete after 1s [id=rtb-0b8fd204af2c49d34][0m%0A[0m[1maws_route_table_association.rtbass_private1a: Creating...[0m[0m%0A[0m[1maws_route_table_association.rtbass_private1a: Creation complete after 1s [id=rtbassoc-0815ae3af648705b2][0m%0A[0m[1maws_nat_gateway.aws_nat_gateway1b: Still creating... [1m40s elapsed][0m[0m%0A[0m[1maws_nat_gateway.aws_nat_gateway1c: Still creating... [1m40s elapsed][0m[0m%0A[0m[1maws_nat_gateway.aws_nat_gateway1b: Creation complete after 1m47s [id=nat-0ea0c8be9eec5c06e][0m%0A[0m[1maws_route_table.rtb_private1b: Creating...[0m[0m%0A[0m[1maws_route_table.rtb_private1b: Creation complete after 1s [id=rtb-032745b597f72bb2b][0m%0A[0m[1maws_route_table_association.rtbass_private1b: Creating...[0m[0m%0A[0m[1maws_route_table_association.rtbass_private1b: Creation complete after 1s [id=rtbassoc-0ffd397e86bdae63e][0m%0A[0m[1maws_nat_gateway.aws_nat_gateway1c: Still creating... [1m50s elapsed][0m[0m%0A[0m[1maws_nat_gateway.aws_nat_gateway1c: Creation complete after 1m57s [id=nat-07be4231538fec0f9][0m%0A[0m[1maws_route_table.rtb_private1c: Creating...[0m[0m%0A[0m[1maws_route_table.rtb_private1c: Creation complete after 2s [id=rtb-0795b7676ebeae2b3][0m%0A[0m[1maws_route_table_association.rtbass_private1c: Creating...[0m[0m%0A[0m[1maws_route_table_association.rtbass_private1c: Creation complete after 1s [id=rtbassoc-0a095bff34fb424f8][0m%0A[0m[1m[32m%0AApply complete! Resources: 27 added, 0 changed, 0 destroyed.%0A[0m[0m[1m[32m%0AOutputs:%0A%0A[0mcache_subnet_name = "template-vpc-elscache-subnet-group"%0Ards_subnet_name = "template-vpc-rds-subnet-group"%0Aroute53_zoneid = "Z04581401M8WEJOCK82XY"%0Asubnet_private_1a = "subnet-0600842a7795c5569"%0Asubnet_private_1b = "subnet-0b1ac903db97cb5d0"%0Asubnet_private_1c = "subnet-0869263d90d33ed93"%0Asubnet_public_1a = "subnet-064be45508d7406bf"%0Asubnet_public_1b = "subnet-09098c840e72744eb"%0Asubnet_public_1c = "subnet-069d9235c73d9f1c2"%0Avpc_id = "vpc-00d6305b65ea116f9"%0A
::debug::stderr: 
::debug::exitcode: 0

::set-output name=stdout::[0m[1maws_eip.scblf_eipnat_1a: Creating...[0m[0m%0A[0m[1maws_eip.scblf_eipnat_1c: Creating...[0m[0m%0A[0m[1maws_vpc.vpc: Creating...[0m[0m%0A[0m[1maws_eip.scblf_eipnat_1b: Creating...[0m[0m%0A[0m[1maws_eip.scblf_eipnat_1b: Creation complete after 1s [id=eipalloc-0cd28683f0087a2ca][0m%0A[0m[1maws_eip.scblf_eipnat_1c: Creation complete after 1s [id=eipalloc-02a950be5d7fdf950][0m%0A[0m[1maws_eip.scblf_eipnat_1a: Creation complete after 1s [id=eipalloc-00abde7ff1d98cfe6][0m%0A[0m[1maws_vpc.vpc: Still creating... [10s elapsed][0m[0m%0A[0m[1maws_vpc.vpc: Creation complete after 14s [id=vpc-00d6305b65ea116f9][0m%0A[0m[1maws_internet_gateway.igw: Creating...[0m[0m%0A[0m[1maws_subnet.subnet_public_1a: Creating...[0m[0m%0A[0m[1maws_subnet.subnet_public_1c: Creating...[0m[0m%0A[0m[1maws_subnet.subnet_private_1a: Creating...[0m[0m%0A[0m[1maws_subnet.subnet_public_1b: Creating...[0m[0m%0A[0m[1maws_route53_zone.route53: Creating...[0m[0m%0A[0m[1maws_subnet.subnet_private_1c: Creating...[0m[0m%0A[0m[1maws_subnet.subnet_private_1b: Creating...[0m[0m%0A[0m[1maws_subnet.subnet_public_1b: Creation complete after 1s [id=subnet-09098c840e72744eb][0m%0A[0m[1maws_nat_gateway.aws_nat_gateway1b: Creating...[0m[0m%0A[0m[1maws_subnet.subnet_public_1a: Creation complete after 1s [id=subnet-064be45508d7406bf][0m%0A[0m[1maws_nat_gateway.aws_nat_gateway1a: Creating...[0m[0m%0A[0m[1maws_subnet.subnet_private_1a: Creation complete after 1s [id=subnet-0600842a7795c5569][0m%0A[0m[1maws_subnet.subnet_private_1b: Creation complete after 1s [id=subnet-0b1ac903db97cb5d0][0m%0A[0m[1maws_internet_gateway.igw: Creation complete after 1s [id=igw-0289066dec9ae1644][0m%0A[0m[1maws_route_table.rtb_public: Creating...[0m[0m%0A[0m[1maws_subnet.subnet_private_1c: Creation complete after 1s [id=subnet-0869263d90d33ed93][0m%0A[0m[1maws_elasticache_subnet_group.elscache_redis_subnet: Creating...[0m[0m%0A[0m[1maws_db_subnet_group.rds_subnet_group: Creating...[0m[0m%0A[0m[1maws_subnet.subnet_public_1c: Creation complete after 1s [id=subnet-069d9235c73d9f1c2][0m%0A[0m[1maws_nat_gateway.aws_nat_gateway1c: Creating...[0m[0m%0A[0m[1maws_route_table.rtb_public: Creation complete after 1s [id=rtb-055079b0c39dd30d3][0m%0A[0m[1maws_route_table_association.rtbass_public1b: Creating...[0m[0m%0A[0m[1maws_route_table_association.rtbass_publica1a: Creating...[0m[0m%0A[0m[1maws_route_table_association.rtbass_public1c: Creating...[0m[0m%0A[0m[1maws_elasticache_subnet_group.elscache_redis_subnet: Creation complete after 2s [id=template-vpc-elscache-subnet-group][0m%0A[0m[1maws_db_subnet_group.rds_subnet_group: Creation complete after 2s [id=template-vpc-rds-subnet-group][0m%0A[0m[1maws_route_table_association.rtbass_publica1a: Creation complete after 1s [id=rtbassoc-0017dfa215d94a2db][0m%0A[0m[1maws_route_table_association.rtbass_public1c: Creation complete after 1s [id=rtbassoc-023685d355bf1c6c5][0m%0A[0m[1maws_route_table_association.rtbass_public1b: Creation complete after 1s [id=rtbassoc-04d6a42334ff24d29][0m%0A[0m[1maws_route53_zone.route53: Still creating... [10s elapsed][0m[0m%0A[0m[1maws_nat_gateway.aws_nat_gateway1b: Still creating... [10s elapsed][0m[0m%0A[0m[1maws_nat_gateway.aws_nat_gateway1a: Still creating... [10s elapsed][0m[0m%0A[0m[1maws_nat_gateway.aws_nat_gateway1c: Still creating... [10s elapsed][0m[0m%0A[0m[1maws_route53_zone.route53: Still creating... [20s elapsed][0m[0m%0A[0m[1maws_nat_gateway.aws_nat_gateway1b: Still creating... [20s elapsed][0m[0m%0A[0m[1maws_nat_gateway.aws_nat_gateway1a: Still creating... [20s elapsed][0m[0m%0A[0m[1maws_nat_gateway.aws_nat_gateway1c: Still creating... [20s elapsed][0m[0m%0A[0m[1maws_route53_zone.route53: Still creating... [30s elapsed][0m[0m%0A[0m[1maws_nat_gateway.aws_nat_gateway1b: Still creating... [30s elapsed][0m[0m%0A[0m[1maws_nat_gateway.aws_nat_gateway1a: Still creating... [30s elapsed][0m[0m%0A[0m[1maws_nat_gateway.aws_nat_gateway1c: Still creating... [30s elapsed][0m[0m%0A[0m[1maws_route53_zone.route53: Still creating... [40s elapsed][0m[0m%0A[0m[1maws_nat_gateway.aws_nat_gateway1b: Still creating... [40s elapsed][0m[0m%0A[0m[1maws_nat_gateway.aws_nat_gateway1a: Still creating... [40s elapsed][0m[0m%0A[0m[1maws_nat_gateway.aws_nat_gateway1c: Still creating... [40s elapsed][0m[0m%0A[0m[1maws_route53_zone.route53: Still creating... [50s elapsed][0m[0m%0A[0m[1maws_nat_gateway.aws_nat_gateway1b: Still creating... [50s elapsed][0m[0m%0A[0m[1maws_nat_gateway.aws_nat_gateway1a: Still creating... [50s elapsed][0m[0m%0A[0m[1maws_nat_gateway.aws_nat_gateway1c: Still creating... [50s elapsed][0m[0m%0A[0m[1maws_route53_zone.route53: Still creating... [1m0s elapsed][0m[0m%0A[0m[1maws_nat_gateway.aws_nat_gateway1b: Still creating... [1m0s elapsed][0m[0m%0A[0m[1maws_nat_gateway.aws_nat_gateway1a: Still creating... [1m0s elapsed][0m[0m%0A[0m[1maws_nat_gateway.aws_nat_gateway1c: Still creating... [1m0s elapsed][0m[0m%0A[0m[1maws_route53_zone.route53: Still creating... [1m10s elapsed][0m[0m%0A[0m[1maws_nat_gateway.aws_nat_gateway1b: Still creating... [1m10s elapsed][0m[0m%0A[0m[1maws_nat_gateway.aws_nat_gateway1a: Still creating... [1m10s elapsed][0m[0m%0A[0m[1maws_nat_gateway.aws_nat_gateway1c: Still creating... [1m10s elapsed][0m[0m%0A[0m[1maws_route53_zone.route53: Still creating... [1m20s elapsed][0m[0m%0A[0m[1maws_route53_zone.route53: Creation complete after 1m20s [id=Z04581401M8WEJOCK82XY][0m%0A[0m[1maws_nat_gateway.aws_nat_gateway1b: Still creating... [1m20s elapsed][0m[0m%0A[0m[1maws_nat_gateway.aws_nat_gateway1a: Still creating... [1m20s elapsed][0m[0m%0A[0m[1maws_nat_gateway.aws_nat_gateway1c: Still creating... [1m20s elapsed][0m[0m%0A[0m[1maws_nat_gateway.aws_nat_gateway1b: Still creating... [1m30s elapsed][0m[0m%0A[0m[1maws_nat_gateway.aws_nat_gateway1a: Still creating... [1m30s elapsed][0m[0m%0A[0m[1maws_nat_gateway.aws_nat_gateway1c: Still creating... [1m30s elapsed][0m[0m%0A[0m[1maws_nat_gateway.aws_nat_gateway1a: Creation complete after 1m37s [id=nat-0d13e5b8e4add40a4][0m%0A[0m[1maws_route_table.rtb_private1a: Creating...[0m[0m%0A[0m[1maws_route_table.rtb_private1a: Creation complete after 1s [id=rtb-0b8fd204af2c49d34][0m%0A[0m[1maws_route_table_association.rtbass_private1a: Creating...[0m[0m%0A[0m[1maws_route_table_association.rtbass_private1a: Creation complete after 1s [id=rtbassoc-0815ae3af648705b2][0m%0A[0m[1maws_nat_gateway.aws_nat_gateway1b: Still creating... [1m40s elapsed][0m[0m%0A[0m[1maws_nat_gateway.aws_nat_gateway1c: Still creating... [1m40s elapsed][0m[0m%0A[0m[1maws_nat_gateway.aws_nat_gateway1b: Creation complete after 1m47s [id=nat-0ea0c8be9eec5c06e][0m%0A[0m[1maws_route_table.rtb_private1b: Creating...[0m[0m%0A[0m[1maws_route_table.rtb_private1b: Creation complete after 1s [id=rtb-032745b597f72bb2b][0m%0A[0m[1maws_route_table_association.rtbass_private1b: Creating...[0m[0m%0A[0m[1maws_route_table_association.rtbass_private1b: Creation complete after 1s [id=rtbassoc-0ffd397e86bdae63e][0m%0A[0m[1maws_nat_gateway.aws_nat_gateway1c: Still creating... [1m50s elapsed][0m[0m%0A[0m[1maws_nat_gateway.aws_nat_gateway1c: Creation complete after 1m57s [id=nat-07be4231538fec0f9][0m%0A[0m[1maws_route_table.rtb_private1c: Creating...[0m[0m%0A[0m[1maws_route_table.rtb_private1c: Creation complete after 2s [id=rtb-0795b7676ebeae2b3][0m%0A[0m[1maws_route_table_association.rtbass_private1c: Creating...[0m[0m%0A[0m[1maws_route_table_association.rtbass_private1c: Creation complete after 1s [id=rtbassoc-0a095bff34fb424f8][0m%0A[0m[1m[32m%0AApply complete! Resources: 27 added, 0 changed, 0 destroyed.%0A[0m[0m[1m[32m%0AOutputs:%0A%0A[0mcache_subnet_name = "template-vpc-elscache-subnet-group"%0Ards_subnet_name = "template-vpc-rds-subnet-group"%0Aroute53_zoneid = "Z04581401M8WEJOCK82XY"%0Asubnet_private_1a = "subnet-0600842a7795c5569"%0Asubnet_private_1b = "subnet-0b1ac903db97cb5d0"%0Asubnet_private_1c = "subnet-0869263d90d33ed93"%0Asubnet_public_1a = "subnet-064be45508d7406bf"%0Asubnet_public_1b = "subnet-09098c840e72744eb"%0Asubnet_public_1c = "subnet-069d9235c73d9f1c2"%0Avpc_id = "vpc-00d6305b65ea116f9"%0A

::set-output name=stderr::

::set-output name=exitcode::0
