[command]/home/runner/work/_temp/968dcc1e-f93e-4fba-9a95-f6004695547c/terraform-bin apply -input=false tfplan
[0m[1maws_eip.scblf_eipnat_1c: Creating...[0m[0m
[0m[1maws_eip.scblf_eipnat_1a: Creating...[0m[0m
[0m[1maws_vpc.vpc: Creating...[0m[0m
[0m[1maws_eip.scblf_eipnat_1b: Creating...[0m[0m
[0m[1maws_eip.scblf_eipnat_1c: Creation complete after 1s [id=eipalloc-02709e19f89ee4f8e][0m
[0m[1maws_eip.scblf_eipnat_1a: Creation complete after 1s [id=eipalloc-01a5456989afb2b3f][0m
[0m[1maws_eip.scblf_eipnat_1b: Creation complete after 1s [id=eipalloc-0b760dd05ad8d51e0][0m
[0m[1maws_vpc.vpc: Still creating... [10s elapsed][0m[0m
[0m[1maws_vpc.vpc: Creation complete after 14s [id=vpc-0df4a87a58f1215ba][0m
[0m[1maws_subnet.subnet_private_1b: Creating...[0m[0m
[0m[1maws_route53_zone.route53: Creating...[0m[0m
[0m[1maws_subnet.subnet_private_1c: Creating...[0m[0m
[0m[1maws_internet_gateway.igw: Creating...[0m[0m
[0m[1maws_subnet.subnet_private_1a: Creating...[0m[0m
[0m[1maws_subnet.subnet_public_1b: Creating...[0m[0m
[0m[1maws_subnet.subnet_public_1a: Creating...[0m[0m
[0m[1maws_subnet.subnet_public_1c: Creating...[0m[0m
[0m[1maws_subnet.subnet_public_1b: Creation complete after 2s [id=subnet-04b3e2d88de87362a][0m
[0m[1maws_nat_gateway.aws_nat_gateway1b: Creating...[0m[0m
[0m[1maws_subnet.subnet_private_1a: Creation complete after 2s [id=subnet-0a9243be66ff84aa5][0m
[0m[1maws_subnet.subnet_private_1b: Creation complete after 2s [id=subnet-03d138ee2f9c636c7][0m
[0m[1maws_subnet.subnet_private_1c: Creation complete after 2s [id=subnet-02cd73cb93e2638bc][0m
[0m[1maws_db_subnet_group.rds_subnet_group: Creating...[0m[0m
[0m[1maws_elasticache_subnet_group.elscache_redis_subnet: Creating...[0m[0m
[0m[1maws_subnet.subnet_public_1a: Creation complete after 2s [id=subnet-088884b3bfbe8c6ca][0m
[0m[1maws_nat_gateway.aws_nat_gateway1a: Creating...[0m[0m
[0m[1maws_internet_gateway.igw: Creation complete after 2s [id=igw-00345792262e902d5][0m
[0m[1maws_route_table.rtb_public: Creating...[0m[0m
[0m[1maws_subnet.subnet_public_1c: Creation complete after 2s [id=subnet-04f445900829b4562][0m
[0m[1maws_nat_gateway.aws_nat_gateway1c: Creating...[0m[0m
[0m[1maws_route_table.rtb_public: Creation complete after 2s [id=rtb-0138ad32a415001a3][0m
[0m[1maws_route_table_association.rtbass_publica1a: Creating...[0m[0m
[0m[1maws_route_table_association.rtbass_public1c: Creating...[0m[0m
[0m[1maws_route_table_association.rtbass_public1b: Creating...[0m[0m
[0m[1maws_elasticache_subnet_group.elscache_redis_subnet: Creation complete after 2s [id=template-vpc-elscache-subnet-group][0m
[0m[1maws_db_subnet_group.rds_subnet_group: Creation complete after 2s [id=template-vpc-rds-subnet-group][0m
[0m[1maws_route_table_association.rtbass_public1c: Creation complete after 1s [id=rtbassoc-0e3b54cecc9617bf6][0m
[0m[1maws_route_table_association.rtbass_publica1a: Creation complete after 1s [id=rtbassoc-0bb9f1c29fa34eabe][0m
[0m[1maws_route_table_association.rtbass_public1b: Creation complete after 1s [id=rtbassoc-0ff4450f4ee936b8a][0m
[0m[1maws_route53_zone.route53: Still creating... [10s elapsed][0m[0m
[0m[1maws_nat_gateway.aws_nat_gateway1b: Still creating... [10s elapsed][0m[0m
[0m[1maws_nat_gateway.aws_nat_gateway1a: Still creating... [10s elapsed][0m[0m
[0m[1maws_nat_gateway.aws_nat_gateway1c: Still creating... [10s elapsed][0m[0m
[0m[1maws_route53_zone.route53: Still creating... [20s elapsed][0m[0m
[0m[1maws_nat_gateway.aws_nat_gateway1b: Still creating... [20s elapsed][0m[0m
[0m[1maws_nat_gateway.aws_nat_gateway1a: Still creating... [20s elapsed][0m[0m
[0m[1maws_nat_gateway.aws_nat_gateway1c: Still creating... [20s elapsed][0m[0m
[0m[1maws_route53_zone.route53: Still creating... [30s elapsed][0m[0m
[0m[1maws_nat_gateway.aws_nat_gateway1b: Still creating... [30s elapsed][0m[0m
[0m[1maws_nat_gateway.aws_nat_gateway1a: Still creating... [30s elapsed][0m[0m
[0m[1maws_nat_gateway.aws_nat_gateway1c: Still creating... [30s elapsed][0m[0m
[0m[1maws_route53_zone.route53: Still creating... [40s elapsed][0m[0m
[0m[1maws_nat_gateway.aws_nat_gateway1b: Still creating... [40s elapsed][0m[0m
[0m[1maws_nat_gateway.aws_nat_gateway1a: Still creating... [40s elapsed][0m[0m
[0m[1maws_nat_gateway.aws_nat_gateway1c: Still creating... [40s elapsed][0m[0m
[0m[1maws_route53_zone.route53: Still creating... [50s elapsed][0m[0m
[0m[1maws_nat_gateway.aws_nat_gateway1b: Still creating... [50s elapsed][0m[0m
[0m[1maws_nat_gateway.aws_nat_gateway1a: Still creating... [50s elapsed][0m[0m
[0m[1maws_nat_gateway.aws_nat_gateway1c: Still creating... [50s elapsed][0m[0m
[0m[1maws_route53_zone.route53: Still creating... [1m0s elapsed][0m[0m
[0m[1maws_nat_gateway.aws_nat_gateway1b: Still creating... [1m0s elapsed][0m[0m
[0m[1maws_nat_gateway.aws_nat_gateway1a: Still creating... [1m0s elapsed][0m[0m
[0m[1maws_nat_gateway.aws_nat_gateway1c: Still creating... [1m0s elapsed][0m[0m
[0m[1maws_route53_zone.route53: Creation complete after 1m9s [id=Z05024651R4LKHJFTBTE0][0m
[0m[1maws_nat_gateway.aws_nat_gateway1b: Still creating... [1m10s elapsed][0m[0m
[0m[1maws_nat_gateway.aws_nat_gateway1a: Still creating... [1m10s elapsed][0m[0m
[0m[1maws_nat_gateway.aws_nat_gateway1c: Still creating... [1m10s elapsed][0m[0m
[0m[1maws_nat_gateway.aws_nat_gateway1b: Still creating... [1m20s elapsed][0m[0m
[0m[1maws_nat_gateway.aws_nat_gateway1a: Still creating... [1m20s elapsed][0m[0m
[0m[1maws_nat_gateway.aws_nat_gateway1c: Still creating... [1m20s elapsed][0m[0m
[0m[1maws_nat_gateway.aws_nat_gateway1a: Creation complete after 1m27s [id=nat-06596ef3a92f9bca5][0m
[0m[1maws_route_table.rtb_private1a: Creating...[0m[0m
[0m[1maws_route_table.rtb_private1a: Creation complete after 2s [id=rtb-0557e96ad1500d5cb][0m
[0m[1maws_route_table_association.rtbass_private1a: Creating...[0m[0m
[0m[1maws_nat_gateway.aws_nat_gateway1b: Still creating... [1m30s elapsed][0m[0m
[0m[1maws_nat_gateway.aws_nat_gateway1c: Still creating... [1m30s elapsed][0m[0m
[0m[1maws_route_table_association.rtbass_private1a: Creation complete after 1s [id=rtbassoc-07246c433ecb60a63][0m
[0m[1maws_nat_gateway.aws_nat_gateway1b: Still creating... [1m40s elapsed][0m[0m
[0m[1maws_nat_gateway.aws_nat_gateway1c: Still creating... [1m40s elapsed][0m[0m
[0m[1maws_nat_gateway.aws_nat_gateway1c: Creation complete after 1m48s [id=nat-0bd1458cbe3969c39][0m
[0m[1maws_route_table.rtb_private1c: Creating...[0m[0m
[0m[1maws_nat_gateway.aws_nat_gateway1b: Still creating... [1m50s elapsed][0m[0m
[0m[1maws_route_table.rtb_private1c: Creation complete after 2s [id=rtb-0c28901bf63943bd8][0m
[0m[1maws_route_table_association.rtbass_private1c: Creating...[0m[0m
[0m[1maws_route_table_association.rtbass_private1c: Creation complete after 1s [id=rtbassoc-01abf50a9987358fb][0m
[0m[1maws_nat_gateway.aws_nat_gateway1b: Creation complete after 1m58s [id=nat-0eabf753c36813742][0m
[0m[1maws_route_table.rtb_private1b: Creating...[0m[0m
[0m[1maws_route_table.rtb_private1b: Creation complete after 2s [id=rtb-0f6bf8a2439806c46][0m
[0m[1maws_route_table_association.rtbass_private1b: Creating...[0m[0m
[0m[1maws_route_table_association.rtbass_private1b: Creation complete after 1s [id=rtbassoc-0aa23d6b60af83a66][0m
[0m[1m[32m
Apply complete! Resources: 27 added, 0 changed, 0 destroyed.
[0m[0m[1m[32m
Outputs:

[0mcache_subnet_name = "template-vpc-elscache-subnet-group"
rds_subnet_name = "template-vpc-rds-subnet-group"
route53_zoneid = "Z05024651R4LKHJFTBTE0"
subnet_private_1a = "subnet-0a9243be66ff84aa5"
subnet_private_1b = "subnet-03d138ee2f9c636c7"
subnet_private_1c = "subnet-02cd73cb93e2638bc"
subnet_public_1a = "subnet-088884b3bfbe8c6ca"
subnet_public_1b = "subnet-04b3e2d88de87362a"
subnet_public_1c = "subnet-04f445900829b4562"
vpc_id = "vpc-0df4a87a58f1215ba"
::debug::Terraform exited with code 0.
::debug::stdout: [0m[1maws_eip.scblf_eipnat_1c: Creating...[0m[0m%0A[0m[1maws_eip.scblf_eipnat_1a: Creating...[0m[0m%0A[0m[1maws_vpc.vpc: Creating...[0m[0m%0A[0m[1maws_eip.scblf_eipnat_1b: Creating...[0m[0m%0A[0m[1maws_eip.scblf_eipnat_1c: Creation complete after 1s [id=eipalloc-02709e19f89ee4f8e][0m%0A[0m[1maws_eip.scblf_eipnat_1a: Creation complete after 1s [id=eipalloc-01a5456989afb2b3f][0m%0A[0m[1maws_eip.scblf_eipnat_1b: Creation complete after 1s [id=eipalloc-0b760dd05ad8d51e0][0m%0A[0m[1maws_vpc.vpc: Still creating... [10s elapsed][0m[0m%0A[0m[1maws_vpc.vpc: Creation complete after 14s [id=vpc-0df4a87a58f1215ba][0m%0A[0m[1maws_subnet.subnet_private_1b: Creating...[0m[0m%0A[0m[1maws_route53_zone.route53: Creating...[0m[0m%0A[0m[1maws_subnet.subnet_private_1c: Creating...[0m[0m%0A[0m[1maws_internet_gateway.igw: Creating...[0m[0m%0A[0m[1maws_subnet.subnet_private_1a: Creating...[0m[0m%0A[0m[1maws_subnet.subnet_public_1b: Creating...[0m[0m%0A[0m[1maws_subnet.subnet_public_1a: Creating...[0m[0m%0A[0m[1maws_subnet.subnet_public_1c: Creating...[0m[0m%0A[0m[1maws_subnet.subnet_public_1b: Creation complete after 2s [id=subnet-04b3e2d88de87362a][0m%0A[0m[1maws_nat_gateway.aws_nat_gateway1b: Creating...[0m[0m%0A[0m[1maws_subnet.subnet_private_1a: Creation complete after 2s [id=subnet-0a9243be66ff84aa5][0m%0A[0m[1maws_subnet.subnet_private_1b: Creation complete after 2s [id=subnet-03d138ee2f9c636c7][0m%0A[0m[1maws_subnet.subnet_private_1c: Creation complete after 2s [id=subnet-02cd73cb93e2638bc][0m%0A[0m[1maws_db_subnet_group.rds_subnet_group: Creating...[0m[0m%0A[0m[1maws_elasticache_subnet_group.elscache_redis_subnet: Creating...[0m[0m%0A[0m[1maws_subnet.subnet_public_1a: Creation complete after 2s [id=subnet-088884b3bfbe8c6ca][0m%0A[0m[1maws_nat_gateway.aws_nat_gateway1a: Creating...[0m[0m%0A[0m[1maws_internet_gateway.igw: Creation complete after 2s [id=igw-00345792262e902d5][0m%0A[0m[1maws_route_table.rtb_public: Creating...[0m[0m%0A[0m[1maws_subnet.subnet_public_1c: Creation complete after 2s [id=subnet-04f445900829b4562][0m%0A[0m[1maws_nat_gateway.aws_nat_gateway1c: Creating...[0m[0m%0A[0m[1maws_route_table.rtb_public: Creation complete after 2s [id=rtb-0138ad32a415001a3][0m%0A[0m[1maws_route_table_association.rtbass_publica1a: Creating...[0m[0m%0A[0m[1maws_route_table_association.rtbass_public1c: Creating...[0m[0m%0A[0m[1maws_route_table_association.rtbass_public1b: Creating...[0m[0m%0A[0m[1maws_elasticache_subnet_group.elscache_redis_subnet: Creation complete after 2s [id=template-vpc-elscache-subnet-group][0m%0A[0m[1maws_db_subnet_group.rds_subnet_group: Creation complete after 2s [id=template-vpc-rds-subnet-group][0m%0A[0m[1maws_route_table_association.rtbass_public1c: Creation complete after 1s [id=rtbassoc-0e3b54cecc9617bf6][0m%0A[0m[1maws_route_table_association.rtbass_publica1a: Creation complete after 1s [id=rtbassoc-0bb9f1c29fa34eabe][0m%0A[0m[1maws_route_table_association.rtbass_public1b: Creation complete after 1s [id=rtbassoc-0ff4450f4ee936b8a][0m%0A[0m[1maws_route53_zone.route53: Still creating... [10s elapsed][0m[0m%0A[0m[1maws_nat_gateway.aws_nat_gateway1b: Still creating... [10s elapsed][0m[0m%0A[0m[1maws_nat_gateway.aws_nat_gateway1a: Still creating... [10s elapsed][0m[0m%0A[0m[1maws_nat_gateway.aws_nat_gateway1c: Still creating... [10s elapsed][0m[0m%0A[0m[1maws_route53_zone.route53: Still creating... [20s elapsed][0m[0m%0A[0m[1maws_nat_gateway.aws_nat_gateway1b: Still creating... [20s elapsed][0m[0m%0A[0m[1maws_nat_gateway.aws_nat_gateway1a: Still creating... [20s elapsed][0m[0m%0A[0m[1maws_nat_gateway.aws_nat_gateway1c: Still creating... [20s elapsed][0m[0m%0A[0m[1maws_route53_zone.route53: Still creating... [30s elapsed][0m[0m%0A[0m[1maws_nat_gateway.aws_nat_gateway1b: Still creating... [30s elapsed][0m[0m%0A[0m[1maws_nat_gateway.aws_nat_gateway1a: Still creating... [30s elapsed][0m[0m%0A[0m[1maws_nat_gateway.aws_nat_gateway1c: Still creating... [30s elapsed][0m[0m%0A[0m[1maws_route53_zone.route53: Still creating... [40s elapsed][0m[0m%0A[0m[1maws_nat_gateway.aws_nat_gateway1b: Still creating... [40s elapsed][0m[0m%0A[0m[1maws_nat_gateway.aws_nat_gateway1a: Still creating... [40s elapsed][0m[0m%0A[0m[1maws_nat_gateway.aws_nat_gateway1c: Still creating... [40s elapsed][0m[0m%0A[0m[1maws_route53_zone.route53: Still creating... [50s elapsed][0m[0m%0A[0m[1maws_nat_gateway.aws_nat_gateway1b: Still creating... [50s elapsed][0m[0m%0A[0m[1maws_nat_gateway.aws_nat_gateway1a: Still creating... [50s elapsed][0m[0m%0A[0m[1maws_nat_gateway.aws_nat_gateway1c: Still creating... [50s elapsed][0m[0m%0A[0m[1maws_route53_zone.route53: Still creating... [1m0s elapsed][0m[0m%0A[0m[1maws_nat_gateway.aws_nat_gateway1b: Still creating... [1m0s elapsed][0m[0m%0A[0m[1maws_nat_gateway.aws_nat_gateway1a: Still creating... [1m0s elapsed][0m[0m%0A[0m[1maws_nat_gateway.aws_nat_gateway1c: Still creating... [1m0s elapsed][0m[0m%0A[0m[1maws_route53_zone.route53: Creation complete after 1m9s [id=Z05024651R4LKHJFTBTE0][0m%0A[0m[1maws_nat_gateway.aws_nat_gateway1b: Still creating... [1m10s elapsed][0m[0m%0A[0m[1maws_nat_gateway.aws_nat_gateway1a: Still creating... [1m10s elapsed][0m[0m%0A[0m[1maws_nat_gateway.aws_nat_gateway1c: Still creating... [1m10s elapsed][0m[0m%0A[0m[1maws_nat_gateway.aws_nat_gateway1b: Still creating... [1m20s elapsed][0m[0m%0A[0m[1maws_nat_gateway.aws_nat_gateway1a: Still creating... [1m20s elapsed][0m[0m%0A[0m[1maws_nat_gateway.aws_nat_gateway1c: Still creating... [1m20s elapsed][0m[0m%0A[0m[1maws_nat_gateway.aws_nat_gateway1a: Creation complete after 1m27s [id=nat-06596ef3a92f9bca5][0m%0A[0m[1maws_route_table.rtb_private1a: Creating...[0m[0m%0A[0m[1maws_route_table.rtb_private1a: Creation complete after 2s [id=rtb-0557e96ad1500d5cb][0m%0A[0m[1maws_route_table_association.rtbass_private1a: Creating...[0m[0m%0A[0m[1maws_nat_gateway.aws_nat_gateway1b: Still creating... [1m30s elapsed][0m[0m%0A[0m[1maws_nat_gateway.aws_nat_gateway1c: Still creating... [1m30s elapsed][0m[0m%0A[0m[1maws_route_table_association.rtbass_private1a: Creation complete after 1s [id=rtbassoc-07246c433ecb60a63][0m%0A[0m[1maws_nat_gateway.aws_nat_gateway1b: Still creating... [1m40s elapsed][0m[0m%0A[0m[1maws_nat_gateway.aws_nat_gateway1c: Still creating... [1m40s elapsed][0m[0m%0A[0m[1maws_nat_gateway.aws_nat_gateway1c: Creation complete after 1m48s [id=nat-0bd1458cbe3969c39][0m%0A[0m[1maws_route_table.rtb_private1c: Creating...[0m[0m%0A[0m[1maws_nat_gateway.aws_nat_gateway1b: Still creating... [1m50s elapsed][0m[0m%0A[0m[1maws_route_table.rtb_private1c: Creation complete after 2s [id=rtb-0c28901bf63943bd8][0m%0A[0m[1maws_route_table_association.rtbass_private1c: Creating...[0m[0m%0A[0m[1maws_route_table_association.rtbass_private1c: Creation complete after 1s [id=rtbassoc-01abf50a9987358fb][0m%0A[0m[1maws_nat_gateway.aws_nat_gateway1b: Creation complete after 1m58s [id=nat-0eabf753c36813742][0m%0A[0m[1maws_route_table.rtb_private1b: Creating...[0m[0m%0A[0m[1maws_route_table.rtb_private1b: Creation complete after 2s [id=rtb-0f6bf8a2439806c46][0m%0A[0m[1maws_route_table_association.rtbass_private1b: Creating...[0m[0m%0A[0m[1maws_route_table_association.rtbass_private1b: Creation complete after 1s [id=rtbassoc-0aa23d6b60af83a66][0m%0A[0m[1m[32m%0AApply complete! Resources: 27 added, 0 changed, 0 destroyed.%0A[0m[0m[1m[32m%0AOutputs:%0A%0A[0mcache_subnet_name = "template-vpc-elscache-subnet-group"%0Ards_subnet_name = "template-vpc-rds-subnet-group"%0Aroute53_zoneid = "Z05024651R4LKHJFTBTE0"%0Asubnet_private_1a = "subnet-0a9243be66ff84aa5"%0Asubnet_private_1b = "subnet-03d138ee2f9c636c7"%0Asubnet_private_1c = "subnet-02cd73cb93e2638bc"%0Asubnet_public_1a = "subnet-088884b3bfbe8c6ca"%0Asubnet_public_1b = "subnet-04b3e2d88de87362a"%0Asubnet_public_1c = "subnet-04f445900829b4562"%0Avpc_id = "vpc-0df4a87a58f1215ba"%0A
::debug::stderr: 
::debug::exitcode: 0

::set-output name=stdout::[0m[1maws_eip.scblf_eipnat_1c: Creating...[0m[0m%0A[0m[1maws_eip.scblf_eipnat_1a: Creating...[0m[0m%0A[0m[1maws_vpc.vpc: Creating...[0m[0m%0A[0m[1maws_eip.scblf_eipnat_1b: Creating...[0m[0m%0A[0m[1maws_eip.scblf_eipnat_1c: Creation complete after 1s [id=eipalloc-02709e19f89ee4f8e][0m%0A[0m[1maws_eip.scblf_eipnat_1a: Creation complete after 1s [id=eipalloc-01a5456989afb2b3f][0m%0A[0m[1maws_eip.scblf_eipnat_1b: Creation complete after 1s [id=eipalloc-0b760dd05ad8d51e0][0m%0A[0m[1maws_vpc.vpc: Still creating... [10s elapsed][0m[0m%0A[0m[1maws_vpc.vpc: Creation complete after 14s [id=vpc-0df4a87a58f1215ba][0m%0A[0m[1maws_subnet.subnet_private_1b: Creating...[0m[0m%0A[0m[1maws_route53_zone.route53: Creating...[0m[0m%0A[0m[1maws_subnet.subnet_private_1c: Creating...[0m[0m%0A[0m[1maws_internet_gateway.igw: Creating...[0m[0m%0A[0m[1maws_subnet.subnet_private_1a: Creating...[0m[0m%0A[0m[1maws_subnet.subnet_public_1b: Creating...[0m[0m%0A[0m[1maws_subnet.subnet_public_1a: Creating...[0m[0m%0A[0m[1maws_subnet.subnet_public_1c: Creating...[0m[0m%0A[0m[1maws_subnet.subnet_public_1b: Creation complete after 2s [id=subnet-04b3e2d88de87362a][0m%0A[0m[1maws_nat_gateway.aws_nat_gateway1b: Creating...[0m[0m%0A[0m[1maws_subnet.subnet_private_1a: Creation complete after 2s [id=subnet-0a9243be66ff84aa5][0m%0A[0m[1maws_subnet.subnet_private_1b: Creation complete after 2s [id=subnet-03d138ee2f9c636c7][0m%0A[0m[1maws_subnet.subnet_private_1c: Creation complete after 2s [id=subnet-02cd73cb93e2638bc][0m%0A[0m[1maws_db_subnet_group.rds_subnet_group: Creating...[0m[0m%0A[0m[1maws_elasticache_subnet_group.elscache_redis_subnet: Creating...[0m[0m%0A[0m[1maws_subnet.subnet_public_1a: Creation complete after 2s [id=subnet-088884b3bfbe8c6ca][0m%0A[0m[1maws_nat_gateway.aws_nat_gateway1a: Creating...[0m[0m%0A[0m[1maws_internet_gateway.igw: Creation complete after 2s [id=igw-00345792262e902d5][0m%0A[0m[1maws_route_table.rtb_public: Creating...[0m[0m%0A[0m[1maws_subnet.subnet_public_1c: Creation complete after 2s [id=subnet-04f445900829b4562][0m%0A[0m[1maws_nat_gateway.aws_nat_gateway1c: Creating...[0m[0m%0A[0m[1maws_route_table.rtb_public: Creation complete after 2s [id=rtb-0138ad32a415001a3][0m%0A[0m[1maws_route_table_association.rtbass_publica1a: Creating...[0m[0m%0A[0m[1maws_route_table_association.rtbass_public1c: Creating...[0m[0m%0A[0m[1maws_route_table_association.rtbass_public1b: Creating...[0m[0m%0A[0m[1maws_elasticache_subnet_group.elscache_redis_subnet: Creation complete after 2s [id=template-vpc-elscache-subnet-group][0m%0A[0m[1maws_db_subnet_group.rds_subnet_group: Creation complete after 2s [id=template-vpc-rds-subnet-group][0m%0A[0m[1maws_route_table_association.rtbass_public1c: Creation complete after 1s [id=rtbassoc-0e3b54cecc9617bf6][0m%0A[0m[1maws_route_table_association.rtbass_publica1a: Creation complete after 1s [id=rtbassoc-0bb9f1c29fa34eabe][0m%0A[0m[1maws_route_table_association.rtbass_public1b: Creation complete after 1s [id=rtbassoc-0ff4450f4ee936b8a][0m%0A[0m[1maws_route53_zone.route53: Still creating... [10s elapsed][0m[0m%0A[0m[1maws_nat_gateway.aws_nat_gateway1b: Still creating... [10s elapsed][0m[0m%0A[0m[1maws_nat_gateway.aws_nat_gateway1a: Still creating... [10s elapsed][0m[0m%0A[0m[1maws_nat_gateway.aws_nat_gateway1c: Still creating... [10s elapsed][0m[0m%0A[0m[1maws_route53_zone.route53: Still creating... [20s elapsed][0m[0m%0A[0m[1maws_nat_gateway.aws_nat_gateway1b: Still creating... [20s elapsed][0m[0m%0A[0m[1maws_nat_gateway.aws_nat_gateway1a: Still creating... [20s elapsed][0m[0m%0A[0m[1maws_nat_gateway.aws_nat_gateway1c: Still creating... [20s elapsed][0m[0m%0A[0m[1maws_route53_zone.route53: Still creating... [30s elapsed][0m[0m%0A[0m[1maws_nat_gateway.aws_nat_gateway1b: Still creating... [30s elapsed][0m[0m%0A[0m[1maws_nat_gateway.aws_nat_gateway1a: Still creating... [30s elapsed][0m[0m%0A[0m[1maws_nat_gateway.aws_nat_gateway1c: Still creating... [30s elapsed][0m[0m%0A[0m[1maws_route53_zone.route53: Still creating... [40s elapsed][0m[0m%0A[0m[1maws_nat_gateway.aws_nat_gateway1b: Still creating... [40s elapsed][0m[0m%0A[0m[1maws_nat_gateway.aws_nat_gateway1a: Still creating... [40s elapsed][0m[0m%0A[0m[1maws_nat_gateway.aws_nat_gateway1c: Still creating... [40s elapsed][0m[0m%0A[0m[1maws_route53_zone.route53: Still creating... [50s elapsed][0m[0m%0A[0m[1maws_nat_gateway.aws_nat_gateway1b: Still creating... [50s elapsed][0m[0m%0A[0m[1maws_nat_gateway.aws_nat_gateway1a: Still creating... [50s elapsed][0m[0m%0A[0m[1maws_nat_gateway.aws_nat_gateway1c: Still creating... [50s elapsed][0m[0m%0A[0m[1maws_route53_zone.route53: Still creating... [1m0s elapsed][0m[0m%0A[0m[1maws_nat_gateway.aws_nat_gateway1b: Still creating... [1m0s elapsed][0m[0m%0A[0m[1maws_nat_gateway.aws_nat_gateway1a: Still creating... [1m0s elapsed][0m[0m%0A[0m[1maws_nat_gateway.aws_nat_gateway1c: Still creating... [1m0s elapsed][0m[0m%0A[0m[1maws_route53_zone.route53: Creation complete after 1m9s [id=Z05024651R4LKHJFTBTE0][0m%0A[0m[1maws_nat_gateway.aws_nat_gateway1b: Still creating... [1m10s elapsed][0m[0m%0A[0m[1maws_nat_gateway.aws_nat_gateway1a: Still creating... [1m10s elapsed][0m[0m%0A[0m[1maws_nat_gateway.aws_nat_gateway1c: Still creating... [1m10s elapsed][0m[0m%0A[0m[1maws_nat_gateway.aws_nat_gateway1b: Still creating... [1m20s elapsed][0m[0m%0A[0m[1maws_nat_gateway.aws_nat_gateway1a: Still creating... [1m20s elapsed][0m[0m%0A[0m[1maws_nat_gateway.aws_nat_gateway1c: Still creating... [1m20s elapsed][0m[0m%0A[0m[1maws_nat_gateway.aws_nat_gateway1a: Creation complete after 1m27s [id=nat-06596ef3a92f9bca5][0m%0A[0m[1maws_route_table.rtb_private1a: Creating...[0m[0m%0A[0m[1maws_route_table.rtb_private1a: Creation complete after 2s [id=rtb-0557e96ad1500d5cb][0m%0A[0m[1maws_route_table_association.rtbass_private1a: Creating...[0m[0m%0A[0m[1maws_nat_gateway.aws_nat_gateway1b: Still creating... [1m30s elapsed][0m[0m%0A[0m[1maws_nat_gateway.aws_nat_gateway1c: Still creating... [1m30s elapsed][0m[0m%0A[0m[1maws_route_table_association.rtbass_private1a: Creation complete after 1s [id=rtbassoc-07246c433ecb60a63][0m%0A[0m[1maws_nat_gateway.aws_nat_gateway1b: Still creating... [1m40s elapsed][0m[0m%0A[0m[1maws_nat_gateway.aws_nat_gateway1c: Still creating... [1m40s elapsed][0m[0m%0A[0m[1maws_nat_gateway.aws_nat_gateway1c: Creation complete after 1m48s [id=nat-0bd1458cbe3969c39][0m%0A[0m[1maws_route_table.rtb_private1c: Creating...[0m[0m%0A[0m[1maws_nat_gateway.aws_nat_gateway1b: Still creating... [1m50s elapsed][0m[0m%0A[0m[1maws_route_table.rtb_private1c: Creation complete after 2s [id=rtb-0c28901bf63943bd8][0m%0A[0m[1maws_route_table_association.rtbass_private1c: Creating...[0m[0m%0A[0m[1maws_route_table_association.rtbass_private1c: Creation complete after 1s [id=rtbassoc-01abf50a9987358fb][0m%0A[0m[1maws_nat_gateway.aws_nat_gateway1b: Creation complete after 1m58s [id=nat-0eabf753c36813742][0m%0A[0m[1maws_route_table.rtb_private1b: Creating...[0m[0m%0A[0m[1maws_route_table.rtb_private1b: Creation complete after 2s [id=rtb-0f6bf8a2439806c46][0m%0A[0m[1maws_route_table_association.rtbass_private1b: Creating...[0m[0m%0A[0m[1maws_route_table_association.rtbass_private1b: Creation complete after 1s [id=rtbassoc-0aa23d6b60af83a66][0m%0A[0m[1m[32m%0AApply complete! Resources: 27 added, 0 changed, 0 destroyed.%0A[0m[0m[1m[32m%0AOutputs:%0A%0A[0mcache_subnet_name = "template-vpc-elscache-subnet-group"%0Ards_subnet_name = "template-vpc-rds-subnet-group"%0Aroute53_zoneid = "Z05024651R4LKHJFTBTE0"%0Asubnet_private_1a = "subnet-0a9243be66ff84aa5"%0Asubnet_private_1b = "subnet-03d138ee2f9c636c7"%0Asubnet_private_1c = "subnet-02cd73cb93e2638bc"%0Asubnet_public_1a = "subnet-088884b3bfbe8c6ca"%0Asubnet_public_1b = "subnet-04b3e2d88de87362a"%0Asubnet_public_1c = "subnet-04f445900829b4562"%0Avpc_id = "vpc-0df4a87a58f1215ba"%0A

::set-output name=stderr::

::set-output name=exitcode::0
