[command]/home/runner/work/_temp/f771add7-fbdb-4879-85b5-781afb0e7642/terraform-bin apply -input=false tfplan
[0m[1m[32m
Apply complete! Resources: 0 added, 0 changed, 0 destroyed.
[0m[0m[1m[32m
Outputs:

[0mcache_subnet_name = "template-vpc-elscache-subnet-group"
rds_subnet_name = "template-vpc-rds-subnet-group"
route53_zoneid = "Z05024651R4LKHJFTBTE0"
subnet_private_1a = "subnet-0a9243be66ff84aa5"
subnet_private_1b = "subnet-03d138ee2f9c636c7"
subnet_private_1c = "subnet-02cd73cb93e2638bc"
subnet_public_1a = "subnet-088884b3bfbe8c6ca"
subnet_public_1b = "subnet-04b3e2d88de87362a"
subnet_public_1c = "subnet-04f445900829b4562"
vpc_id = "vpc-0df4a87a58f1215ba"
::debug::Terraform exited with code 0.
::debug::stdout: [0m[1m[32m%0AApply complete! Resources: 0 added, 0 changed, 0 destroyed.%0A[0m[0m[1m[32m%0AOutputs:%0A%0A[0mcache_subnet_name = "template-vpc-elscache-subnet-group"%0Ards_subnet_name = "template-vpc-rds-subnet-group"%0Aroute53_zoneid = "Z05024651R4LKHJFTBTE0"%0Asubnet_private_1a = "subnet-0a9243be66ff84aa5"%0Asubnet_private_1b = "subnet-03d138ee2f9c636c7"%0Asubnet_private_1c = "subnet-02cd73cb93e2638bc"%0Asubnet_public_1a = "subnet-088884b3bfbe8c6ca"%0Asubnet_public_1b = "subnet-04b3e2d88de87362a"%0Asubnet_public_1c = "subnet-04f445900829b4562"%0Avpc_id = "vpc-0df4a87a58f1215ba"%0A
::debug::stderr: 
::debug::exitcode: 0

::set-output name=stdout::[0m[1m[32m%0AApply complete! Resources: 0 added, 0 changed, 0 destroyed.%0A[0m[0m[1m[32m%0AOutputs:%0A%0A[0mcache_subnet_name = "template-vpc-elscache-subnet-group"%0Ards_subnet_name = "template-vpc-rds-subnet-group"%0Aroute53_zoneid = "Z05024651R4LKHJFTBTE0"%0Asubnet_private_1a = "subnet-0a9243be66ff84aa5"%0Asubnet_private_1b = "subnet-03d138ee2f9c636c7"%0Asubnet_private_1c = "subnet-02cd73cb93e2638bc"%0Asubnet_public_1a = "subnet-088884b3bfbe8c6ca"%0Asubnet_public_1b = "subnet-04b3e2d88de87362a"%0Asubnet_public_1c = "subnet-04f445900829b4562"%0Avpc_id = "vpc-0df4a87a58f1215ba"%0A

::set-output name=stderr::

::set-output name=exitcode::0
