[command]/home/runner/work/_temp/cec99e23-6d0b-4532-9e5c-6645c97ca6be/terraform-bin apply -input=false tfplan
[0m[1m[32m
Apply complete! Resources: 0 added, 0 changed, 0 destroyed.
[0m[0m[1m[32m
Outputs:

[0mcache_subnet_name = "template-vpc-elscache-subnet-group"
rds_subnet_name = "template-vpc-rds-subnet-group"
route53_zoneid = "Z04581401M8WEJOCK82XY"
subnet_private_1a = "subnet-0600842a7795c5569"
subnet_private_1b = "subnet-0b1ac903db97cb5d0"
subnet_private_1c = "subnet-0869263d90d33ed93"
subnet_public_1a = "subnet-064be45508d7406bf"
subnet_public_1b = "subnet-09098c840e72744eb"
subnet_public_1c = "subnet-069d9235c73d9f1c2"
vpc_id = "vpc-00d6305b65ea116f9"
::debug::Terraform exited with code 0.
::debug::stdout: [0m[1m[32m%0AApply complete! Resources: 0 added, 0 changed, 0 destroyed.%0A[0m[0m[1m[32m%0AOutputs:%0A%0A[0mcache_subnet_name = "template-vpc-elscache-subnet-group"%0Ards_subnet_name = "template-vpc-rds-subnet-group"%0Aroute53_zoneid = "Z04581401M8WEJOCK82XY"%0Asubnet_private_1a = "subnet-0600842a7795c5569"%0Asubnet_private_1b = "subnet-0b1ac903db97cb5d0"%0Asubnet_private_1c = "subnet-0869263d90d33ed93"%0Asubnet_public_1a = "subnet-064be45508d7406bf"%0Asubnet_public_1b = "subnet-09098c840e72744eb"%0Asubnet_public_1c = "subnet-069d9235c73d9f1c2"%0Avpc_id = "vpc-00d6305b65ea116f9"%0A
::debug::stderr: 
::debug::exitcode: 0

::set-output name=stdout::[0m[1m[32m%0AApply complete! Resources: 0 added, 0 changed, 0 destroyed.%0A[0m[0m[1m[32m%0AOutputs:%0A%0A[0mcache_subnet_name = "template-vpc-elscache-subnet-group"%0Ards_subnet_name = "template-vpc-rds-subnet-group"%0Aroute53_zoneid = "Z04581401M8WEJOCK82XY"%0Asubnet_private_1a = "subnet-0600842a7795c5569"%0Asubnet_private_1b = "subnet-0b1ac903db97cb5d0"%0Asubnet_private_1c = "subnet-0869263d90d33ed93"%0Asubnet_public_1a = "subnet-064be45508d7406bf"%0Asubnet_public_1b = "subnet-09098c840e72744eb"%0Asubnet_public_1c = "subnet-069d9235c73d9f1c2"%0Avpc_id = "vpc-00d6305b65ea116f9"%0A

::set-output name=stderr::

::set-output name=exitcode::0
