[command]/home/runner/work/_temp/67a1d83d-0d62-43a3-99e8-b8b25337a923/terraform-bin destroy --auto-approve
[0m[1maws_iam_policy.iampolicy_ec2: Refreshing state... [id=arn:aws:iam::635780203112:policy/iampolicy-template-ec2][0m
[0m[1maws_key_pair.keypair: Refreshing state... [id=template-vpc-keypair][0m
[0m[1maws_iam_role.iamrole_ec2: Refreshing state... [id=iamrole-template-ec2][0m
[0m[1maws_iam_policy_attachment.iampolicyattach_ec2: Refreshing state... [id=iampolicyattach_ec2][0m
[0m[1maws_iam_instance_profile.iaminstanceprofile_ec2: Refreshing state... [id=iaminstanceprofile-template-ec2][0m

Terraform used the selected providers to generate the following execution
plan. Resource actions are indicated with the following symbols:
  [31m-[0m destroy
[0m
Terraform will perform the following actions:

[1m  # aws_iam_instance_profile.iaminstanceprofile_ec2[0m will be [1m[31mdestroyed[0m[0m
[0m  [31m-[0m[0m resource "aws_iam_instance_profile" "iaminstanceprofile_ec2" {
      [31m-[0m [0m[1m[0marn[0m[0m         = "arn:aws:iam::635780203112:instance-profile/iaminstanceprofile-template-ec2" [90m->[0m [0m[90mnull[0m[0m
      [31m-[0m [0m[1m[0mcreate_date[0m[0m = "2022-05-07T04:20:02Z" [90m->[0m [0m[90mnull[0m[0m
      [31m-[0m [0m[1m[0mid[0m[0m          = "iaminstanceprofile-template-ec2" [90m->[0m [0m[90mnull[0m[0m
      [31m-[0m [0m[1m[0mname[0m[0m        = "iaminstanceprofile-template-ec2" [90m->[0m [0m[90mnull[0m[0m
      [31m-[0m [0m[1m[0mpath[0m[0m        = "/" [90m->[0m [0m[90mnull[0m[0m
      [31m-[0m [0m[1m[0mrole[0m[0m        = "iamrole-template-ec2" [90m->[0m [0m[90mnull[0m[0m
      [31m-[0m [0m[1m[0mtags[0m[0m        = {} [90m->[0m [0m[90mnull[0m[0m
      [31m-[0m [0m[1m[0mtags_all[0m[0m    = {} [90m->[0m [0m[90mnull[0m[0m
      [31m-[0m [0m[1m[0munique_id[0m[0m   = "AIPAZIB3UAJUACTHMO3KA" [90m->[0m [0m[90mnull[0m[0m
    }

[1m  # aws_iam_policy.iampolicy_ec2[0m will be [1m[31mdestroyed[0m[0m
[0m  [31m-[0m[0m resource "aws_iam_policy" "iampolicy_ec2" {
      [31m-[0m [0m[1m[0marn[0m[0m       = "arn:aws:iam::635780203112:policy/iampolicy-template-ec2" [90m->[0m [0m[90mnull[0m[0m
      [31m-[0m [0m[1m[0mid[0m[0m        = "arn:aws:iam::635780203112:policy/iampolicy-template-ec2" [90m->[0m [0m[90mnull[0m[0m
      [31m-[0m [0m[1m[0mname[0m[0m      = "iampolicy-template-ec2" [90m->[0m [0m[90mnull[0m[0m
      [31m-[0m [0m[1m[0mpath[0m[0m      = "/" [90m->[0m [0m[90mnull[0m[0m
      [31m-[0m [0m[1m[0mpolicy[0m[0m    = jsonencode(
            {
              [31m-[0m [0mStatement = [
                  [31m-[0m [0m{
                      [31m-[0m [0mAction   = [
                          [31m-[0m [0m"ec2:DescribeInstances",
                          [31m-[0m [0m"ec2:DescribeImages",
                          [31m-[0m [0m"ec2:DescribeTags",
                          [31m-[0m [0m"ec2:DescribeSnapshots",
                        ]
                      [31m-[0m [0mEffect   = "Allow"
                      [31m-[0m [0mResource = "*"
                    },
                ]
              [31m-[0m [0mVersion   = "2012-10-17"
            }
        ) [90m->[0m [0m[90mnull[0m[0m
      [31m-[0m [0m[1m[0mpolicy_id[0m[0m = "ANPAZIB3UAJUL7TPNGOMB" [90m->[0m [0m[90mnull[0m[0m
      [31m-[0m [0m[1m[0mtags[0m[0m      = {} [90m->[0m [0m[90mnull[0m[0m
      [31m-[0m [0m[1m[0mtags_all[0m[0m  = {} [90m->[0m [0m[90mnull[0m[0m
    }

[1m  # aws_iam_policy_attachment.iampolicyattach_ec2[0m will be [1m[31mdestroyed[0m[0m
[0m  [31m-[0m[0m resource "aws_iam_policy_attachment" "iampolicyattach_ec2" {
      [31m-[0m [0m[1m[0mgroups[0m[0m     = [] [90m->[0m [0m[90mnull[0m[0m
      [31m-[0m [0m[1m[0mid[0m[0m         = "iampolicyattach_ec2" [90m->[0m [0m[90mnull[0m[0m
      [31m-[0m [0m[1m[0mname[0m[0m       = "iampolicyattach_ec2" [90m->[0m [0m[90mnull[0m[0m
      [31m-[0m [0m[1m[0mpolicy_arn[0m[0m = "arn:aws:iam::635780203112:policy/iampolicy-template-ec2" [90m->[0m [0m[90mnull[0m[0m
      [31m-[0m [0m[1m[0mroles[0m[0m      = [
          [31m-[0m [0m"iamrole-template-ec2",
        ] [90m->[0m [0m[90mnull[0m[0m
      [31m-[0m [0m[1m[0musers[0m[0m      = [] [90m->[0m [0m[90mnull[0m[0m
    }

[1m  # aws_iam_role.iamrole_ec2[0m will be [1m[31mdestroyed[0m[0m
[0m  [31m-[0m[0m resource "aws_iam_role" "iamrole_ec2" {
      [31m-[0m [0m[1m[0marn[0m[0m                   = "arn:aws:iam::635780203112:role/iamrole-template-ec2" [90m->[0m [0m[90mnull[0m[0m
      [31m-[0m [0m[1m[0massume_role_policy[0m[0m    = jsonencode(
            {
              [31m-[0m [0mStatement = [
                  [31m-[0m [0m{
                      [31m-[0m [0mAction    = "sts:AssumeRole"
                      [31m-[0m [0mEffect    = "Allow"
                      [31m-[0m [0mPrincipal = {
                          [31m-[0m [0mService = "ec2.amazonaws.com"
                        }
                      [31m-[0m [0mSid       = ""
                    },
                ]
              [31m-[0m [0mVersion   = "2012-10-17"
            }
        ) [90m->[0m [0m[90mnull[0m[0m
      [31m-[0m [0m[1m[0mcreate_date[0m[0m           = "2022-05-07T04:20:01Z" [90m->[0m [0m[90mnull[0m[0m
      [31m-[0m [0m[1m[0mforce_detach_policies[0m[0m = false [90m->[0m [0m[90mnull[0m[0m
      [31m-[0m [0m[1m[0mid[0m[0m                    = "iamrole-template-ec2" [90m->[0m [0m[90mnull[0m[0m
      [31m-[0m [0m[1m[0mmanaged_policy_arns[0m[0m   = [
          [31m-[0m [0m"arn:aws:iam::635780203112:policy/iampolicy-template-ec2",
        ] [90m->[0m [0m[90mnull[0m[0m
      [31m-[0m [0m[1m[0mmax_session_duration[0m[0m  = 3600 [90m->[0m [0m[90mnull[0m[0m
      [31m-[0m [0m[1m[0mname[0m[0m                  = "iamrole-template-ec2" [90m->[0m [0m[90mnull[0m[0m
      [31m-[0m [0m[1m[0mpath[0m[0m                  = "/" [90m->[0m [0m[90mnull[0m[0m
      [31m-[0m [0m[1m[0mtags[0m[0m                  = {} [90m->[0m [0m[90mnull[0m[0m
      [31m-[0m [0m[1m[0mtags_all[0m[0m              = {} [90m->[0m [0m[90mnull[0m[0m
      [31m-[0m [0m[1m[0munique_id[0m[0m             = "AROAZIB3UAJUPG4TSC2ZU" [90m->[0m [0m[90mnull[0m[0m

      [31m-[0m [0minline_policy {}
    }

[1m  # aws_key_pair.keypair[0m will be [1m[31mdestroyed[0m[0m
[0m  [31m-[0m[0m resource "aws_key_pair" "keypair" {
      [31m-[0m [0m[1m[0marn[0m[0m         = "arn:aws:ec2:ap-southeast-1:635780203112:key-pair/template-vpc-keypair" [90m->[0m [0m[90mnull[0m[0m
      [31m-[0m [0m[1m[0mfingerprint[0m[0m = "a1:c9:65:cc:4a:66:de:cf:9a:85:65:31:db:47:af:9a" [90m->[0m [0m[90mnull[0m[0m
      [31m-[0m [0m[1m[0mid[0m[0m          = "template-vpc-keypair" [90m->[0m [0m[90mnull[0m[0m
      [31m-[0m [0m[1m[0mkey_name[0m[0m    = "template-vpc-keypair" [90m->[0m [0m[90mnull[0m[0m
      [31m-[0m [0m[1m[0mkey_pair_id[0m[0m = "key-019a5b9c69feceb52" [90m->[0m [0m[90mnull[0m[0m
      [31m-[0m [0m[1m[0mpublic_key[0m[0m  = "ssh-rsa AAAAB3NzaC1yc2EAAAADAQABAAABgQCyhEKJ7tTicL/dUn+FnDYOVYA2IlYxhBijZ70VuJ71QwbVpKnX+9PtbRva/LHpgodxdoJT42B5DvSficGXmiwGoaSADbIouQFnDbaosNb286aEATFZlJZATVSHJxqzN76752UGQJ6vZ77osyvB4IrGXnMz/VvxH/kDPzsB9Q5mCGG4gEYQnC6OSMr2nwKY8ZLmLhGII6l2rX5bRdELHVSPcvZUmHMLYN6tiTSKXVpUd9I2G1SF0LHXERTV+XS9X3Iy6J3UkVVxgZuukVz/SmfwH7/AsIpoG77qxIc0alIuToFtx01W6e9ZRi97Ta/Hw2F1+1MTGzRWLAs1TbUUay4x4X50d7G4ArWaPoAenTMI0WNsSwhYXmhK/YzZ9I/W8p0seaHmxy+0majWVAGknAxCMP01tA9seWpFwck0iBy0bf0jq+Uz9TDJGbQYbJh7pGoW1DLnpH5rAFrUQI1ogwcAth86Gy072UxBL+DpqfJ2lAbd20Rwb3gGxA0ssSFcExs= runner@fv-az198-826" [90m->[0m [0m[90mnull[0m[0m
      [31m-[0m [0m[1m[0mtags[0m[0m        = {} [90m->[0m [0m[90mnull[0m[0m
      [31m-[0m [0m[1m[0mtags_all[0m[0m    = {} [90m->[0m [0m[90mnull[0m[0m
    }

[0m[1mPlan:[0m 0 to add, 0 to change, 5 to destroy.
[0m[0m
[1mChanges to Outputs:[0m[0m
  [31m-[0m [0m[1m[0miaminstanceprofile_ec2[0m[0m = "iaminstanceprofile-template-ec2" [90m->[0m [0m[90mnull[0m[0m
  [31m-[0m [0m[1m[0miampolicy_ec2[0m[0m          = "iampolicy-template-ec2" [90m->[0m [0m[90mnull[0m[0m
  [31m-[0m [0m[1m[0miamrole_ec2[0m[0m            = "iamrole-template-ec2" [90m->[0m [0m[90mnull[0m[0m
[0m[1maws_iam_policy_attachment.iampolicyattach_ec2: Destroying... [id=iampolicyattach_ec2][0m[0m
[0m[1maws_key_pair.keypair: Destroying... [id=template-vpc-keypair][0m[0m
[0m[1maws_iam_instance_profile.iaminstanceprofile_ec2: Destroying... [id=iaminstanceprofile-template-ec2][0m[0m
[0m[1maws_key_pair.keypair: Destruction complete after 0s[0m
[0m[1maws_iam_policy_attachment.iampolicyattach_ec2: Destruction complete after 0s[0m
[0m[1maws_iam_policy.iampolicy_ec2: Destroying... [id=arn:aws:iam::635780203112:policy/iampolicy-template-ec2][0m[0m
[0m[1maws_iam_instance_profile.iaminstanceprofile_ec2: Destruction complete after 0s[0m
[0m[1maws_iam_role.iamrole_ec2: Destroying... [id=iamrole-template-ec2][0m[0m
[0m[1maws_iam_policy.iampolicy_ec2: Destruction complete after 0s[0m
[0m[1maws_iam_role.iamrole_ec2: Destruction complete after 0s[0m
[0m[1m[32m
Destroy complete! Resources: 5 destroyed.
[0m::debug::Terraform exited with code 0.
::debug::stdout: [0m[1maws_iam_policy.iampolicy_ec2: Refreshing state... [id=arn:aws:iam::635780203112:policy/iampolicy-template-ec2][0m%0A[0m[1maws_key_pair.keypair: Refreshing state... [id=template-vpc-keypair][0m%0A[0m[1maws_iam_role.iamrole_ec2: Refreshing state... [id=iamrole-template-ec2][0m%0A[0m[1maws_iam_policy_attachment.iampolicyattach_ec2: Refreshing state... [id=iampolicyattach_ec2][0m%0A[0m[1maws_iam_instance_profile.iaminstanceprofile_ec2: Refreshing state... [id=iaminstanceprofile-template-ec2][0m%0A%0ATerraform used the selected providers to generate the following execution%0Aplan. Resource actions are indicated with the following symbols:%0A  [31m-[0m destroy%0A[0m%0ATerraform will perform the following actions:%0A%0A[1m  # aws_iam_instance_profile.iaminstanceprofile_ec2[0m will be [1m[31mdestroyed[0m[0m%0A[0m  [31m-[0m[0m resource "aws_iam_instance_profile" "iaminstanceprofile_ec2" {%0A      [31m-[0m [0m[1m[0marn[0m[0m         = "arn:aws:iam::635780203112:instance-profile/iaminstanceprofile-template-ec2" [90m->[0m [0m[90mnull[0m[0m%0A      [31m-[0m [0m[1m[0mcreate_date[0m[0m = "2022-05-07T04:20:02Z" [90m->[0m [0m[90mnull[0m[0m%0A      [31m-[0m [0m[1m[0mid[0m[0m          = "iaminstanceprofile-template-ec2" [90m->[0m [0m[90mnull[0m[0m%0A      [31m-[0m [0m[1m[0mname[0m[0m        = "iaminstanceprofile-template-ec2" [90m->[0m [0m[90mnull[0m[0m%0A      [31m-[0m [0m[1m[0mpath[0m[0m        = "/" [90m->[0m [0m[90mnull[0m[0m%0A      [31m-[0m [0m[1m[0mrole[0m[0m        = "iamrole-template-ec2" [90m->[0m [0m[90mnull[0m[0m%0A      [31m-[0m [0m[1m[0mtags[0m[0m        = {} [90m->[0m [0m[90mnull[0m[0m%0A      [31m-[0m [0m[1m[0mtags_all[0m[0m    = {} [90m->[0m [0m[90mnull[0m[0m%0A      [31m-[0m [0m[1m[0munique_id[0m[0m   = "AIPAZIB3UAJUACTHMO3KA" [90m->[0m [0m[90mnull[0m[0m%0A    }%0A%0A[1m  # aws_iam_policy.iampolicy_ec2[0m will be [1m[31mdestroyed[0m[0m%0A[0m  [31m-[0m[0m resource "aws_iam_policy" "iampolicy_ec2" {%0A      [31m-[0m [0m[1m[0marn[0m[0m       = "arn:aws:iam::635780203112:policy/iampolicy-template-ec2" [90m->[0m [0m[90mnull[0m[0m%0A      [31m-[0m [0m[1m[0mid[0m[0m        = "arn:aws:iam::635780203112:policy/iampolicy-template-ec2" [90m->[0m [0m[90mnull[0m[0m%0A      [31m-[0m [0m[1m[0mname[0m[0m      = "iampolicy-template-ec2" [90m->[0m [0m[90mnull[0m[0m%0A      [31m-[0m [0m[1m[0mpath[0m[0m      = "/" [90m->[0m [0m[90mnull[0m[0m%0A      [31m-[0m [0m[1m[0mpolicy[0m[0m    = jsonencode(%0A            {%0A              [31m-[0m [0mStatement = [%0A                  [31m-[0m [0m{%0A                      [31m-[0m [0mAction   = [%0A                          [31m-[0m [0m"ec2:DescribeInstances",%0A                          [31m-[0m [0m"ec2:DescribeImages",%0A                          [31m-[0m [0m"ec2:DescribeTags",%0A                          [31m-[0m [0m"ec2:DescribeSnapshots",%0A                        ]%0A                      [31m-[0m [0mEffect   = "Allow"%0A                      [31m-[0m [0mResource = "*"%0A                    },%0A                ]%0A              [31m-[0m [0mVersion   = "2012-10-17"%0A            }%0A        ) [90m->[0m [0m[90mnull[0m[0m%0A      [31m-[0m [0m[1m[0mpolicy_id[0m[0m = "ANPAZIB3UAJUL7TPNGOMB" [90m->[0m [0m[90mnull[0m[0m%0A      [31m-[0m [0m[1m[0mtags[0m[0m      = {} [90m->[0m [0m[90mnull[0m[0m%0A      [31m-[0m [0m[1m[0mtags_all[0m[0m  = {} [90m->[0m [0m[90mnull[0m[0m%0A    }%0A%0A[1m  # aws_iam_policy_attachment.iampolicyattach_ec2[0m will be [1m[31mdestroyed[0m[0m%0A[0m  [31m-[0m[0m resource "aws_iam_policy_attachment" "iampolicyattach_ec2" {%0A      [31m-[0m [0m[1m[0mgroups[0m[0m     = [] [90m->[0m [0m[90mnull[0m[0m%0A      [31m-[0m [0m[1m[0mid[0m[0m         = "iampolicyattach_ec2" [90m->[0m [0m[90mnull[0m[0m%0A      [31m-[0m [0m[1m[0mname[0m[0m       = "iampolicyattach_ec2" [90m->[0m [0m[90mnull[0m[0m%0A      [31m-[0m [0m[1m[0mpolicy_arn[0m[0m = "arn:aws:iam::635780203112:policy/iampolicy-template-ec2" [90m->[0m [0m[90mnull[0m[0m%0A      [31m-[0m [0m[1m[0mroles[0m[0m      = [%0A          [31m-[0m [0m"iamrole-template-ec2",%0A        ] [90m->[0m [0m[90mnull[0m[0m%0A      [31m-[0m [0m[1m[0musers[0m[0m      = [] [90m->[0m [0m[90mnull[0m[0m%0A    }%0A%0A[1m  # aws_iam_role.iamrole_ec2[0m will be [1m[31mdestroyed[0m[0m%0A[0m  [31m-[0m[0m resource "aws_iam_role" "iamrole_ec2" {%0A      [31m-[0m [0m[1m[0marn[0m[0m                   = "arn:aws:iam::635780203112:role/iamrole-template-ec2" [90m->[0m [0m[90mnull[0m[0m%0A      [31m-[0m [0m[1m[0massume_role_policy[0m[0m    = jsonencode(%0A            {%0A              [31m-[0m [0mStatement = [%0A                  [31m-[0m [0m{%0A                      [31m-[0m [0mAction    = "sts:AssumeRole"%0A                      [31m-[0m [0mEffect    = "Allow"%0A                      [31m-[0m [0mPrincipal = {%0A                          [31m-[0m [0mService = "ec2.amazonaws.com"%0A                        }%0A                      [31m-[0m [0mSid       = ""%0A                    },%0A                ]%0A              [31m-[0m [0mVersion   = "2012-10-17"%0A            }%0A        ) [90m->[0m [0m[90mnull[0m[0m%0A      [31m-[0m [0m[1m[0mcreate_date[0m[0m           = "2022-05-07T04:20:01Z" [90m->[0m [0m[90mnull[0m[0m%0A      [31m-[0m [0m[1m[0mforce_detach_policies[0m[0m = false [90m->[0m [0m[90mnull[0m[0m%0A      [31m-[0m [0m[1m[0mid[0m[0m                    = "iamrole-template-ec2" [90m->[0m [0m[90mnull[0m[0m%0A      [31m-[0m [0m[1m[0mmanaged_policy_arns[0m[0m   = [%0A          [31m-[0m [0m"arn:aws:iam::635780203112:policy/iampolicy-template-ec2",%0A        ] [90m->[0m [0m[90mnull[0m[0m%0A      [31m-[0m [0m[1m[0mmax_session_duration[0m[0m  = 3600 [90m->[0m [0m[90mnull[0m[0m%0A      [31m-[0m [0m[1m[0mname[0m[0m                  = "iamrole-template-ec2" [90m->[0m [0m[90mnull[0m[0m%0A      [31m-[0m [0m[1m[0mpath[0m[0m                  = "/" [90m->[0m [0m[90mnull[0m[0m%0A      [31m-[0m [0m[1m[0mtags[0m[0m                  = {} [90m->[0m [0m[90mnull[0m[0m%0A      [31m-[0m [0m[1m[0mtags_all[0m[0m              = {} [90m->[0m [0m[90mnull[0m[0m%0A      [31m-[0m [0m[1m[0munique_id[0m[0m             = "AROAZIB3UAJUPG4TSC2ZU" [90m->[0m [0m[90mnull[0m[0m%0A%0A      [31m-[0m [0minline_policy {}%0A    }%0A%0A[1m  # aws_key_pair.keypair[0m will be [1m[31mdestroyed[0m[0m%0A[0m  [31m-[0m[0m resource "aws_key_pair" "keypair" {%0A      [31m-[0m [0m[1m[0marn[0m[0m         = "arn:aws:ec2:ap-southeast-1:635780203112:key-pair/template-vpc-keypair" [90m->[0m [0m[90mnull[0m[0m%0A      [31m-[0m [0m[1m[0mfingerprint[0m[0m = "a1:c9:65:cc:4a:66:de:cf:9a:85:65:31:db:47:af:9a" [90m->[0m [0m[90mnull[0m[0m%0A      [31m-[0m [0m[1m[0mid[0m[0m          = "template-vpc-keypair" [90m->[0m [0m[90mnull[0m[0m%0A      [31m-[0m [0m[1m[0mkey_name[0m[0m    = "template-vpc-keypair" [90m->[0m [0m[90mnull[0m[0m%0A      [31m-[0m [0m[1m[0mkey_pair_id[0m[0m = "key-019a5b9c69feceb52" [90m->[0m [0m[90mnull[0m[0m%0A      [31m-[0m [0m[1m[0mpublic_key[0m[0m  = "ssh-rsa AAAAB3NzaC1yc2EAAAADAQABAAABgQCyhEKJ7tTicL/dUn+FnDYOVYA2IlYxhBijZ70VuJ71QwbVpKnX+9PtbRva/LHpgodxdoJT42B5DvSficGXmiwGoaSADbIouQFnDbaosNb286aEATFZlJZATVSHJxqzN76752UGQJ6vZ77osyvB4IrGXnMz/VvxH/kDPzsB9Q5mCGG4gEYQnC6OSMr2nwKY8ZLmLhGII6l2rX5bRdELHVSPcvZUmHMLYN6tiTSKXVpUd9I2G1SF0LHXERTV+XS9X3Iy6J3UkVVxgZuukVz/SmfwH7/AsIpoG77qxIc0alIuToFtx01W6e9ZRi97Ta/Hw2F1+1MTGzRWLAs1TbUUay4x4X50d7G4ArWaPoAenTMI0WNsSwhYXmhK/YzZ9I/W8p0seaHmxy+0majWVAGknAxCMP01tA9seWpFwck0iBy0bf0jq+Uz9TDJGbQYbJh7pGoW1DLnpH5rAFrUQI1ogwcAth86Gy072UxBL+DpqfJ2lAbd20Rwb3gGxA0ssSFcExs= runner@fv-az198-826" [90m->[0m [0m[90mnull[0m[0m%0A      [31m-[0m [0m[1m[0mtags[0m[0m        = {} [90m->[0m [0m[90mnull[0m[0m%0A      [31m-[0m [0m[1m[0mtags_all[0m[0m    = {} [90m->[0m [0m[90mnull[0m[0m%0A    }%0A%0A[0m[1mPlan:[0m 0 to add, 0 to change, 5 to destroy.%0A[0m[0m%0A[1mChanges to Outputs:[0m[0m%0A  [31m-[0m [0m[1m[0miaminstanceprofile_ec2[0m[0m = "iaminstanceprofile-template-ec2" [90m->[0m [0m[90mnull[0m[0m%0A  [31m-[0m [0m[1m[0miampolicy_ec2[0m[0m          = "iampolicy-template-ec2" [90m->[0m [0m[90mnull[0m[0m%0A  [31m-[0m [0m[1m[0miamrole_ec2[0m[0m            = "iamrole-template-ec2" [90m->[0m [0m[90mnull[0m[0m%0A[0m[1maws_iam_policy_attachment.iampolicyattach_ec2: Destroying... [id=iampolicyattach_ec2][0m[0m%0A[0m[1maws_key_pair.keypair: Destroying... [id=template-vpc-keypair][0m[0m%0A[0m[1maws_iam_instance_profile.iaminstanceprofile_ec2: Destroying... [id=iaminstanceprofile-template-ec2][0m[0m%0A[0m[1maws_key_pair.keypair: Destruction complete after 0s[0m%0A[0m[1maws_iam_policy_attachment.iampolicyattach_ec2: Destruction complete after 0s[0m%0A[0m[1maws_iam_policy.iampolicy_ec2: Destroying... [id=arn:aws:iam::635780203112:policy/iampolicy-template-ec2][0m[0m%0A[0m[1maws_iam_instance_profile.iaminstanceprofile_ec2: Destruction complete after 0s[0m%0A[0m[1maws_iam_role.iamrole_ec2: Destroying... [id=iamrole-template-ec2][0m[0m%0A[0m[1maws_iam_policy.iampolicy_ec2: Destruction complete after 0s[0m%0A[0m[1maws_iam_role.iamrole_ec2: Destruction complete after 0s[0m%0A[0m[1m[32m%0ADestroy complete! Resources: 5 destroyed.%0A[0m
::debug::stderr: 
::debug::exitcode: 0

::set-output name=stdout::[0m[1maws_iam_policy.iampolicy_ec2: Refreshing state... [id=arn:aws:iam::635780203112:policy/iampolicy-template-ec2][0m%0A[0m[1maws_key_pair.keypair: Refreshing state... [id=template-vpc-keypair][0m%0A[0m[1maws_iam_role.iamrole_ec2: Refreshing state... [id=iamrole-template-ec2][0m%0A[0m[1maws_iam_policy_attachment.iampolicyattach_ec2: Refreshing state... [id=iampolicyattach_ec2][0m%0A[0m[1maws_iam_instance_profile.iaminstanceprofile_ec2: Refreshing state... [id=iaminstanceprofile-template-ec2][0m%0A%0ATerraform used the selected providers to generate the following execution%0Aplan. Resource actions are indicated with the following symbols:%0A  [31m-[0m destroy%0A[0m%0ATerraform will perform the following actions:%0A%0A[1m  # aws_iam_instance_profile.iaminstanceprofile_ec2[0m will be [1m[31mdestroyed[0m[0m%0A[0m  [31m-[0m[0m resource "aws_iam_instance_profile" "iaminstanceprofile_ec2" {%0A      [31m-[0m [0m[1m[0marn[0m[0m         = "arn:aws:iam::635780203112:instance-profile/iaminstanceprofile-template-ec2" [90m->[0m [0m[90mnull[0m[0m%0A      [31m-[0m [0m[1m[0mcreate_date[0m[0m = "2022-05-07T04:20:02Z" [90m->[0m [0m[90mnull[0m[0m%0A      [31m-[0m [0m[1m[0mid[0m[0m          = "iaminstanceprofile-template-ec2" [90m->[0m [0m[90mnull[0m[0m%0A      [31m-[0m [0m[1m[0mname[0m[0m        = "iaminstanceprofile-template-ec2" [90m->[0m [0m[90mnull[0m[0m%0A      [31m-[0m [0m[1m[0mpath[0m[0m        = "/" [90m->[0m [0m[90mnull[0m[0m%0A      [31m-[0m [0m[1m[0mrole[0m[0m        = "iamrole-template-ec2" [90m->[0m [0m[90mnull[0m[0m%0A      [31m-[0m [0m[1m[0mtags[0m[0m        = {} [90m->[0m [0m[90mnull[0m[0m%0A      [31m-[0m [0m[1m[0mtags_all[0m[0m    = {} [90m->[0m [0m[90mnull[0m[0m%0A      [31m-[0m [0m[1m[0munique_id[0m[0m   = "AIPAZIB3UAJUACTHMO3KA" [90m->[0m [0m[90mnull[0m[0m%0A    }%0A%0A[1m  # aws_iam_policy.iampolicy_ec2[0m will be [1m[31mdestroyed[0m[0m%0A[0m  [31m-[0m[0m resource "aws_iam_policy" "iampolicy_ec2" {%0A      [31m-[0m [0m[1m[0marn[0m[0m       = "arn:aws:iam::635780203112:policy/iampolicy-template-ec2" [90m->[0m [0m[90mnull[0m[0m%0A      [31m-[0m [0m[1m[0mid[0m[0m        = "arn:aws:iam::635780203112:policy/iampolicy-template-ec2" [90m->[0m [0m[90mnull[0m[0m%0A      [31m-[0m [0m[1m[0mname[0m[0m      = "iampolicy-template-ec2" [90m->[0m [0m[90mnull[0m[0m%0A      [31m-[0m [0m[1m[0mpath[0m[0m      = "/" [90m->[0m [0m[90mnull[0m[0m%0A      [31m-[0m [0m[1m[0mpolicy[0m[0m    = jsonencode(%0A            {%0A              [31m-[0m [0mStatement = [%0A                  [31m-[0m [0m{%0A                      [31m-[0m [0mAction   = [%0A                          [31m-[0m [0m"ec2:DescribeInstances",%0A                          [31m-[0m [0m"ec2:DescribeImages",%0A                          [31m-[0m [0m"ec2:DescribeTags",%0A                          [31m-[0m [0m"ec2:DescribeSnapshots",%0A                        ]%0A                      [31m-[0m [0mEffect   = "Allow"%0A                      [31m-[0m [0mResource = "*"%0A                    },%0A                ]%0A              [31m-[0m [0mVersion   = "2012-10-17"%0A            }%0A        ) [90m->[0m [0m[90mnull[0m[0m%0A      [31m-[0m [0m[1m[0mpolicy_id[0m[0m = "ANPAZIB3UAJUL7TPNGOMB" [90m->[0m [0m[90mnull[0m[0m%0A      [31m-[0m [0m[1m[0mtags[0m[0m      = {} [90m->[0m [0m[90mnull[0m[0m%0A      [31m-[0m [0m[1m[0mtags_all[0m[0m  = {} [90m->[0m [0m[90mnull[0m[0m%0A    }%0A%0A[1m  # aws_iam_policy_attachment.iampolicyattach_ec2[0m will be [1m[31mdestroyed[0m[0m%0A[0m  [31m-[0m[0m resource "aws_iam_policy_attachment" "iampolicyattach_ec2" {%0A      [31m-[0m [0m[1m[0mgroups[0m[0m     = [] [90m->[0m [0m[90mnull[0m[0m%0A      [31m-[0m [0m[1m[0mid[0m[0m         = "iampolicyattach_ec2" [90m->[0m [0m[90mnull[0m[0m%0A      [31m-[0m [0m[1m[0mname[0m[0m       = "iampolicyattach_ec2" [90m->[0m [0m[90mnull[0m[0m%0A      [31m-[0m [0m[1m[0mpolicy_arn[0m[0m = "arn:aws:iam::635780203112:policy/iampolicy-template-ec2" [90m->[0m [0m[90mnull[0m[0m%0A      [31m-[0m [0m[1m[0mroles[0m[0m      = [%0A          [31m-[0m [0m"iamrole-template-ec2",%0A        ] [90m->[0m [0m[90mnull[0m[0m%0A      [31m-[0m [0m[1m[0musers[0m[0m      = [] [90m->[0m [0m[90mnull[0m[0m%0A    }%0A%0A[1m  # aws_iam_role.iamrole_ec2[0m will be [1m[31mdestroyed[0m[0m%0A[0m  [31m-[0m[0m resource "aws_iam_role" "iamrole_ec2" {%0A      [31m-[0m [0m[1m[0marn[0m[0m                   = "arn:aws:iam::635780203112:role/iamrole-template-ec2" [90m->[0m [0m[90mnull[0m[0m%0A      [31m-[0m [0m[1m[0massume_role_policy[0m[0m    = jsonencode(%0A            {%0A              [31m-[0m [0mStatement = [%0A                  [31m-[0m [0m{%0A                      [31m-[0m [0mAction    = "sts:AssumeRole"%0A                      [31m-[0m [0mEffect    = "Allow"%0A                      [31m-[0m [0mPrincipal = {%0A                          [31m-[0m [0mService = "ec2.amazonaws.com"%0A                        }%0A                      [31m-[0m [0mSid       = ""%0A                    },%0A                ]%0A              [31m-[0m [0mVersion   = "2012-10-17"%0A            }%0A        ) [90m->[0m [0m[90mnull[0m[0m%0A      [31m-[0m [0m[1m[0mcreate_date[0m[0m           = "2022-05-07T04:20:01Z" [90m->[0m [0m[90mnull[0m[0m%0A      [31m-[0m [0m[1m[0mforce_detach_policies[0m[0m = false [90m->[0m [0m[90mnull[0m[0m%0A      [31m-[0m [0m[1m[0mid[0m[0m                    = "iamrole-template-ec2" [90m->[0m [0m[90mnull[0m[0m%0A      [31m-[0m [0m[1m[0mmanaged_policy_arns[0m[0m   = [%0A          [31m-[0m [0m"arn:aws:iam::635780203112:policy/iampolicy-template-ec2",%0A        ] [90m->[0m [0m[90mnull[0m[0m%0A      [31m-[0m [0m[1m[0mmax_session_duration[0m[0m  = 3600 [90m->[0m [0m[90mnull[0m[0m%0A      [31m-[0m [0m[1m[0mname[0m[0m                  = "iamrole-template-ec2" [90m->[0m [0m[90mnull[0m[0m%0A      [31m-[0m [0m[1m[0mpath[0m[0m                  = "/" [90m->[0m [0m[90mnull[0m[0m%0A      [31m-[0m [0m[1m[0mtags[0m[0m                  = {} [90m->[0m [0m[90mnull[0m[0m%0A      [31m-[0m [0m[1m[0mtags_all[0m[0m              = {} [90m->[0m [0m[90mnull[0m[0m%0A      [31m-[0m [0m[1m[0munique_id[0m[0m             = "AROAZIB3UAJUPG4TSC2ZU" [90m->[0m [0m[90mnull[0m[0m%0A%0A      [31m-[0m [0minline_policy {}%0A    }%0A%0A[1m  # aws_key_pair.keypair[0m will be [1m[31mdestroyed[0m[0m%0A[0m  [31m-[0m[0m resource "aws_key_pair" "keypair" {%0A      [31m-[0m [0m[1m[0marn[0m[0m         = "arn:aws:ec2:ap-southeast-1:635780203112:key-pair/template-vpc-keypair" [90m->[0m [0m[90mnull[0m[0m%0A      [31m-[0m [0m[1m[0mfingerprint[0m[0m = "a1:c9:65:cc:4a:66:de:cf:9a:85:65:31:db:47:af:9a" [90m->[0m [0m[90mnull[0m[0m%0A      [31m-[0m [0m[1m[0mid[0m[0m          = "template-vpc-keypair" [90m->[0m [0m[90mnull[0m[0m%0A      [31m-[0m [0m[1m[0mkey_name[0m[0m    = "template-vpc-keypair" [90m->[0m [0m[90mnull[0m[0m%0A      [31m-[0m [0m[1m[0mkey_pair_id[0m[0m = "key-019a5b9c69feceb52" [90m->[0m [0m[90mnull[0m[0m%0A      [31m-[0m [0m[1m[0mpublic_key[0m[0m  = "ssh-rsa AAAAB3NzaC1yc2EAAAADAQABAAABgQCyhEKJ7tTicL/dUn+FnDYOVYA2IlYxhBijZ70VuJ71QwbVpKnX+9PtbRva/LHpgodxdoJT42B5DvSficGXmiwGoaSADbIouQFnDbaosNb286aEATFZlJZATVSHJxqzN76752UGQJ6vZ77osyvB4IrGXnMz/VvxH/kDPzsB9Q5mCGG4gEYQnC6OSMr2nwKY8ZLmLhGII6l2rX5bRdELHVSPcvZUmHMLYN6tiTSKXVpUd9I2G1SF0LHXERTV+XS9X3Iy6J3UkVVxgZuukVz/SmfwH7/AsIpoG77qxIc0alIuToFtx01W6e9ZRi97Ta/Hw2F1+1MTGzRWLAs1TbUUay4x4X50d7G4ArWaPoAenTMI0WNsSwhYXmhK/YzZ9I/W8p0seaHmxy+0majWVAGknAxCMP01tA9seWpFwck0iBy0bf0jq+Uz9TDJGbQYbJh7pGoW1DLnpH5rAFrUQI1ogwcAth86Gy072UxBL+DpqfJ2lAbd20Rwb3gGxA0ssSFcExs= runner@fv-az198-826" [90m->[0m [0m[90mnull[0m[0m%0A      [31m-[0m [0m[1m[0mtags[0m[0m        = {} [90m->[0m [0m[90mnull[0m[0m%0A      [31m-[0m [0m[1m[0mtags_all[0m[0m    = {} [90m->[0m [0m[90mnull[0m[0m%0A    }%0A%0A[0m[1mPlan:[0m 0 to add, 0 to change, 5 to destroy.%0A[0m[0m%0A[1mChanges to Outputs:[0m[0m%0A  [31m-[0m [0m[1m[0miaminstanceprofile_ec2[0m[0m = "iaminstanceprofile-template-ec2" [90m->[0m [0m[90mnull[0m[0m%0A  [31m-[0m [0m[1m[0miampolicy_ec2[0m[0m          = "iampolicy-template-ec2" [90m->[0m [0m[90mnull[0m[0m%0A  [31m-[0m [0m[1m[0miamrole_ec2[0m[0m            = "iamrole-template-ec2" [90m->[0m [0m[90mnull[0m[0m%0A[0m[1maws_iam_policy_attachment.iampolicyattach_ec2: Destroying... [id=iampolicyattach_ec2][0m[0m%0A[0m[1maws_key_pair.keypair: Destroying... [id=template-vpc-keypair][0m[0m%0A[0m[1maws_iam_instance_profile.iaminstanceprofile_ec2: Destroying... [id=iaminstanceprofile-template-ec2][0m[0m%0A[0m[1maws_key_pair.keypair: Destruction complete after 0s[0m%0A[0m[1maws_iam_policy_attachment.iampolicyattach_ec2: Destruction complete after 0s[0m%0A[0m[1maws_iam_policy.iampolicy_ec2: Destroying... [id=arn:aws:iam::635780203112:policy/iampolicy-template-ec2][0m[0m%0A[0m[1maws_iam_instance_profile.iaminstanceprofile_ec2: Destruction complete after 0s[0m%0A[0m[1maws_iam_role.iamrole_ec2: Destroying... [id=iamrole-template-ec2][0m[0m%0A[0m[1maws_iam_policy.iampolicy_ec2: Destruction complete after 0s[0m%0A[0m[1maws_iam_role.iamrole_ec2: Destruction complete after 0s[0m%0A[0m[1m[32m%0ADestroy complete! Resources: 5 destroyed.%0A[0m

::set-output name=stderr::

::set-output name=exitcode::0
